

Started GET "/restaurants" for ::1 at 2016-05-25 12:05:57 +0100
  [1m[36mActiveRecord::SchemaMigration Load (0.7ms)[0m  [1mSELECT "schema_migrations".* FROM "schema_migrations"[0m

ActiveRecord::PendingMigrationError (

Migrations are pending. To resolve this issue, run:

	bin/rake db:migrate RAILS_ENV=development

):
  activerecord (4.2.6) lib/active_record/migration.rb:392:in `check_pending!'
  activerecord (4.2.6) lib/active_record/migration.rb:373:in `call'
  actionpack (4.2.6) lib/action_dispatch/middleware/callbacks.rb:29:in `block in call'
  activesupport (4.2.6) lib/active_support/callbacks.rb:88:in `__run_callbacks__'
  activesupport (4.2.6) lib/active_support/callbacks.rb:778:in `_run_call_callbacks'
  activesupport (4.2.6) lib/active_support/callbacks.rb:81:in `run_callbacks'
  actionpack (4.2.6) lib/action_dispatch/middleware/callbacks.rb:27:in `call'
  actionpack (4.2.6) lib/action_dispatch/middleware/reloader.rb:73:in `call'
  actionpack (4.2.6) lib/action_dispatch/middleware/remote_ip.rb:78:in `call'
  actionpack (4.2.6) lib/action_dispatch/middleware/debug_exceptions.rb:17:in `call'
  web-console (2.3.0) lib/web_console/middleware.rb:28:in `block in call'
  web-console (2.3.0) lib/web_console/middleware.rb:18:in `catch'
  web-console (2.3.0) lib/web_console/middleware.rb:18:in `call'
  actionpack (4.2.6) lib/action_dispatch/middleware/show_exceptions.rb:30:in `call'
  railties (4.2.6) lib/rails/rack/logger.rb:38:in `call_app'
  railties (4.2.6) lib/rails/rack/logger.rb:20:in `block in call'
  activesupport (4.2.6) lib/active_support/tagged_logging.rb:68:in `block in tagged'
  activesupport (4.2.6) lib/active_support/tagged_logging.rb:26:in `tagged'
  activesupport (4.2.6) lib/active_support/tagged_logging.rb:68:in `tagged'
  railties (4.2.6) lib/rails/rack/logger.rb:20:in `call'
  actionpack (4.2.6) lib/action_dispatch/middleware/request_id.rb:21:in `call'
  rack (1.6.4) lib/rack/methodoverride.rb:22:in `call'
  rack (1.6.4) lib/rack/runtime.rb:18:in `call'
  activesupport (4.2.6) lib/active_support/cache/strategy/local_cache_middleware.rb:28:in `call'
  rack (1.6.4) lib/rack/lock.rb:17:in `call'
  actionpack (4.2.6) lib/action_dispatch/middleware/static.rb:120:in `call'
  rack (1.6.4) lib/rack/sendfile.rb:113:in `call'
  railties (4.2.6) lib/rails/engine.rb:518:in `call'
  railties (4.2.6) lib/rails/application.rb:165:in `call'
  rack (1.6.4) lib/rack/lock.rb:17:in `call'
  rack (1.6.4) lib/rack/content_length.rb:15:in `call'
  rack (1.6.4) lib/rack/handler/webrick.rb:88:in `service'
  /Users/admin/.rvm/rubies/ruby-2.3.0/lib/ruby/2.3.0/webrick/httpserver.rb:140:in `service'
  /Users/admin/.rvm/rubies/ruby-2.3.0/lib/ruby/2.3.0/webrick/httpserver.rb:96:in `run'
  /Users/admin/.rvm/rubies/ruby-2.3.0/lib/ruby/2.3.0/webrick/server.rb:296:in `block in start_thread'


  Rendered /Users/admin/.rvm/gems/ruby-2.3.0/gems/actionpack-4.2.6/lib/action_dispatch/middleware/templates/rescues/_source.erb (2.6ms)
  Rendered /Users/admin/.rvm/gems/ruby-2.3.0/gems/actionpack-4.2.6/lib/action_dispatch/middleware/templates/rescues/_trace.html.erb (2.3ms)
  Rendered /Users/admin/.rvm/gems/ruby-2.3.0/gems/actionpack-4.2.6/lib/action_dispatch/middleware/templates/rescues/_request_and_response.html.erb (1.0ms)
  Rendered /Users/admin/.rvm/gems/ruby-2.3.0/gems/actionpack-4.2.6/lib/action_dispatch/middleware/templates/rescues/diagnostics.html.erb within rescues/layout (79.7ms)
  Rendered /Users/admin/.rvm/gems/ruby-2.3.0/gems/web-console-2.3.0/lib/web_console/templates/_markup.html.erb (0.6ms)
  Rendered /Users/admin/.rvm/gems/ruby-2.3.0/gems/web-console-2.3.0/lib/web_console/templates/_inner_console_markup.html.erb within layouts/inlined_string (0.6ms)
  Rendered /Users/admin/.rvm/gems/ruby-2.3.0/gems/web-console-2.3.0/lib/web_console/templates/_prompt_box_markup.html.erb within layouts/inlined_string (0.3ms)
  Rendered /Users/admin/.rvm/gems/ruby-2.3.0/gems/web-console-2.3.0/lib/web_console/templates/style.css.erb within layouts/inlined_string (0.4ms)
  Rendered /Users/admin/.rvm/gems/ruby-2.3.0/gems/web-console-2.3.0/lib/web_console/templates/console.js.erb within layouts/javascript (84.3ms)
  Rendered /Users/admin/.rvm/gems/ruby-2.3.0/gems/web-console-2.3.0/lib/web_console/templates/main.js.erb within layouts/javascript (0.3ms)
  Rendered /Users/admin/.rvm/gems/ruby-2.3.0/gems/web-console-2.3.0/lib/web_console/templates/error_page.js.erb within layouts/javascript (0.4ms)
  Rendered /Users/admin/.rvm/gems/ruby-2.3.0/gems/web-console-2.3.0/lib/web_console/templates/index.html.erb (192.0ms)
  [1m[36mActiveRecord::SchemaMigration Load (0.4ms)[0m  [1mSELECT "schema_migrations".* FROM "schema_migrations"[0m
Migrating to CreateRestaurants (20160524090748)
  [1m[35m (0.2ms)[0m  BEGIN
DEPRECATION WARNING: `#timestamps` was called without specifying an option for `null`. In Rails 5, this behavior will change to `null: false`. You should manually specify `null: true` to prevent the behavior of your existing migrations from changing. (called from block in change at /Users/admin/Dropbox/projects/main_course/Week_7/yelp_clone/yelp_clone/db/migrate/20160524090748_create_restaurants.rb:7)
  [1m[36m (65.6ms)[0m  [1mCREATE TABLE "restaurants" ("id" serial primary key, "name" character varying, "rating" integer, "created_at" timestamp, "updated_at" timestamp) [0m
  [1m[35m (0.2ms)[0m  ROLLBACK
  [1m[36m (3.0ms)[0m  [1mCREATE TABLE "schema_migrations" ("version" character varying NOT NULL) [0m
  [1m[35m (1.3ms)[0m  CREATE UNIQUE INDEX  "unique_schema_migrations" ON "schema_migrations"  ("version")
  [1m[36mActiveRecord::SchemaMigration Load (0.5ms)[0m  [1mSELECT "schema_migrations".* FROM "schema_migrations"[0m
Migrating to CreateRestaurants (20160524090748)
  [1m[35m (0.2ms)[0m  BEGIN
DEPRECATION WARNING: `#timestamps` was called without specifying an option for `null`. In Rails 5, this behavior will change to `null: false`. You should manually specify `null: true` to prevent the behavior of your existing migrations from changing. (called from block in change at /Users/admin/Dropbox/projects/main_course/Week_7/yelp_clone/yelp_clone/db/migrate/20160524090748_create_restaurants.rb:7)
  [1m[36m (3.5ms)[0m  [1mCREATE TABLE "restaurants" ("id" serial primary key, "name" character varying, "rating" integer, "created_at" timestamp, "updated_at" timestamp) [0m
  [1m[35mSQL (0.5ms)[0m  INSERT INTO "schema_migrations" ("version") VALUES ($1)  [["version", "20160524090748"]]
  [1m[36m (0.5ms)[0m  [1mCOMMIT[0m
Migrating to AddDescriptionToRestaurants (20160524115122)
  [1m[35m (0.4ms)[0m  BEGIN
  [1m[36m (0.5ms)[0m  [1mALTER TABLE "restaurants" ADD "description" text[0m
  [1m[35mSQL (0.2ms)[0m  INSERT INTO "schema_migrations" ("version") VALUES ($1)  [["version", "20160524115122"]]
  [1m[36m (0.4ms)[0m  [1mCOMMIT[0m
Migrating to CreateReviews (20160524143540)
  [1m[35m (0.1ms)[0m  BEGIN
  [1m[36m (2.6ms)[0m  [1mCREATE TABLE "reviews" ("id" serial primary key, "thoughts" text, "rating" integer, "created_at" timestamp NOT NULL, "updated_at" timestamp NOT NULL) [0m
  [1m[35mSQL (0.2ms)[0m  INSERT INTO "schema_migrations" ("version") VALUES ($1)  [["version", "20160524143540"]]
  [1m[36m (0.7ms)[0m  [1mCOMMIT[0m
Migrating to AddRestaurantRefToReviews (20160524144622)
  [1m[35m (0.6ms)[0m  BEGIN
  [1m[36m (0.3ms)[0m  [1mALTER TABLE "reviews" ADD "restaurant_id" integer[0m
  [1m[35m (1.9ms)[0m  CREATE  INDEX  "index_reviews_on_restaurant_id" ON "reviews"  ("restaurant_id")
  [1m[36m (1.8ms)[0m  [1mALTER TABLE "reviews" ADD CONSTRAINT "fk_rails_8173017a90"
FOREIGN KEY ("restaurant_id")
  REFERENCES "restaurants" ("id")
[0m
  [1m[35mSQL (0.2ms)[0m  INSERT INTO "schema_migrations" ("version") VALUES ($1)  [["version", "20160524144622"]]
  [1m[36m (0.5ms)[0m  [1mCOMMIT[0m
Migrating to DeviseCreateUsers (20160525100021)
  [1m[35m (0.2ms)[0m  BEGIN
  [1m[36m (5.2ms)[0m  [1mCREATE TABLE "users" ("id" serial primary key, "email" character varying DEFAULT '' NOT NULL, "encrypted_password" character varying DEFAULT '' NOT NULL, "reset_password_token" character varying, "reset_password_sent_at" timestamp, "remember_created_at" timestamp, "sign_in_count" integer DEFAULT 0 NOT NULL, "current_sign_in_at" timestamp, "last_sign_in_at" timestamp, "current_sign_in_ip" inet, "last_sign_in_ip" inet, "created_at" timestamp NOT NULL, "updated_at" timestamp NOT NULL) [0m
  [1m[35m (0.9ms)[0m  CREATE UNIQUE INDEX  "index_users_on_email" ON "users"  ("email")
  [1m[36m (1.1ms)[0m  [1mCREATE UNIQUE INDEX  "index_users_on_reset_password_token" ON "users"  ("reset_password_token")[0m
  [1m[35mSQL (0.2ms)[0m  INSERT INTO "schema_migrations" ("version") VALUES ($1)  [["version", "20160525100021"]]
  [1m[36m (0.6ms)[0m  [1mCOMMIT[0m
  [1m[35mActiveRecord::SchemaMigration Load (0.2ms)[0m  SELECT "schema_migrations".* FROM "schema_migrations"
  [1m[36m (10.1ms)[0m  [1mSELECT t2.oid::regclass::text AS to_table, a1.attname AS column, a2.attname AS primary_key, c.conname AS name, c.confupdtype AS on_update, c.confdeltype AS on_delete
FROM pg_constraint c
JOIN pg_class t1 ON c.conrelid = t1.oid
JOIN pg_class t2 ON c.confrelid = t2.oid
JOIN pg_attribute a1 ON a1.attnum = c.conkey[1] AND a1.attrelid = t1.oid
JOIN pg_attribute a2 ON a2.attnum = c.confkey[1] AND a2.attrelid = t2.oid
JOIN pg_namespace t3 ON c.connamespace = t3.oid
WHERE c.contype = 'f'
  AND t1.relname = 'restaurants'
  AND t3.nspname = ANY (current_schemas(false))
ORDER BY c.conname
[0m
  [1m[35m (3.8ms)[0m  SELECT t2.oid::regclass::text AS to_table, a1.attname AS column, a2.attname AS primary_key, c.conname AS name, c.confupdtype AS on_update, c.confdeltype AS on_delete
FROM pg_constraint c
JOIN pg_class t1 ON c.conrelid = t1.oid
JOIN pg_class t2 ON c.confrelid = t2.oid
JOIN pg_attribute a1 ON a1.attnum = c.conkey[1] AND a1.attrelid = t1.oid
JOIN pg_attribute a2 ON a2.attnum = c.confkey[1] AND a2.attrelid = t2.oid
JOIN pg_namespace t3 ON c.connamespace = t3.oid
WHERE c.contype = 'f'
  AND t1.relname = 'reviews'
  AND t3.nspname = ANY (current_schemas(false))
ORDER BY c.conname

  [1m[36m (3.5ms)[0m  [1mSELECT t2.oid::regclass::text AS to_table, a1.attname AS column, a2.attname AS primary_key, c.conname AS name, c.confupdtype AS on_update, c.confdeltype AS on_delete
FROM pg_constraint c
JOIN pg_class t1 ON c.conrelid = t1.oid
JOIN pg_class t2 ON c.confrelid = t2.oid
JOIN pg_attribute a1 ON a1.attnum = c.conkey[1] AND a1.attrelid = t1.oid
JOIN pg_attribute a2 ON a2.attnum = c.confkey[1] AND a2.attrelid = t2.oid
JOIN pg_namespace t3 ON c.connamespace = t3.oid
WHERE c.contype = 'f'
  AND t1.relname = 'users'
  AND t3.nspname = ANY (current_schemas(false))
ORDER BY c.conname
[0m


Started GET "/restaurants" for ::1 at 2016-05-25 12:10:12 +0100
  [1m[36mActiveRecord::SchemaMigration Load (0.5ms)[0m  [1mSELECT "schema_migrations".* FROM "schema_migrations"[0m
Processing by RestaurantsController#index as HTML
  [1m[35m (0.5ms)[0m  SELECT COUNT(*) FROM "restaurants"
  Rendered restaurants/index.html.erb within layouts/application (6.0ms)
Completed 200 OK in 807ms (Views: 788.3ms | ActiveRecord: 1.4ms)


Started GET "/assets/application.self-e80e8f2318043e8af94dddc2adad5a4f09739a8ebb323b3ab31cd71d45fd9113.css?body=1" for ::1 at 2016-05-25 12:10:13 +0100


Started GET "/assets/jquery.self-660adc51e0224b731d29f575a6f1ec167ba08ad06ed5deca4f1e8654c135bf4c.js?body=1" for ::1 at 2016-05-25 12:10:13 +0100


Started GET "/assets/reviews.self-e3b0c44298fc1c149afbf4c8996fb92427ae41e4649b934ca495991b7852b855.css?body=1" for ::1 at 2016-05-25 12:10:13 +0100


Started GET "/assets/jquery_ujs.self-e87806d0cf4489aeb1bb7288016024e8de67fd18db693fe026fe3907581e53cd.js?body=1" for ::1 at 2016-05-25 12:10:13 +0100


Started GET "/assets/turbolinks.self-c37727e9bd6b2735da5c311aa83fead54ed0be6cc8bd9a65309e9c5abe2cbfff.js?body=1" for ::1 at 2016-05-25 12:10:13 +0100


Started GET "/assets/restaurants.self-877aef30ae1b040ab8a3aba4e3e309a11d7f2612f44dde450b5c157aa5f95c05.js?body=1" for ::1 at 2016-05-25 12:10:13 +0100


Started GET "/assets/restaurants.self-e3b0c44298fc1c149afbf4c8996fb92427ae41e4649b934ca495991b7852b855.css?body=1" for ::1 at 2016-05-25 12:10:13 +0100


Started GET "/assets/reviews.self-877aef30ae1b040ab8a3aba4e3e309a11d7f2612f44dde450b5c157aa5f95c05.js?body=1" for ::1 at 2016-05-25 12:10:13 +0100


Started GET "/assets/application.self-3b8dabdc891efe46b9a144b400ad69e37d7e5876bdc39dee783419a69d7ca819.js?body=1" for ::1 at 2016-05-25 12:10:13 +0100


Started GET "/restaurants/new" for ::1 at 2016-05-25 12:10:15 +0100
Processing by RestaurantsController#new as HTML
  Rendered restaurants/new.html.erb within layouts/application (39.9ms)
Completed 200 OK in 114ms (Views: 98.3ms | ActiveRecord: 2.7ms)


Started POST "/restaurants" for ::1 at 2016-05-25 12:10:23 +0100
Processing by RestaurantsController#create as HTML
  Parameters: {"utf8"=>"✓", "authenticity_token"=>"9xwWKEOdxFNqzUo0Doy5JZDJEGxb5jb5uUzSVdvfMdmIVyifTOxCO1lzuJU3o1z/tYYD62VXgbfGd2FEg8hx7A==", "restaurant"=>{"name"=>"KFC", "description"=>"Tastey!"}, "commit"=>"Create Restaurant"}
  [1m[36m (0.2ms)[0m  [1mBEGIN[0m
  [1m[35mRestaurant Exists (0.7ms)[0m  SELECT  1 AS one FROM "restaurants" WHERE "restaurants"."name" = 'KFC' LIMIT 1
  [1m[36mSQL (0.4ms)[0m  [1mINSERT INTO "restaurants" ("name", "description", "created_at", "updated_at") VALUES ($1, $2, $3, $4) RETURNING "id"[0m  [["name", "KFC"], ["description", "Tastey!"], ["created_at", "2016-05-25 11:10:23.630941"], ["updated_at", "2016-05-25 11:10:23.630941"]]
  [1m[35m (0.5ms)[0m  COMMIT
Redirected to http://localhost:3000/restaurants
Completed 302 Found in 33ms (ActiveRecord: 1.9ms)


Started GET "/restaurants" for ::1 at 2016-05-25 12:10:23 +0100
Processing by RestaurantsController#index as HTML
  [1m[36m (0.4ms)[0m  [1mSELECT COUNT(*) FROM "restaurants"[0m
  [1m[35mRestaurant Load (0.4ms)[0m  SELECT "restaurants".* FROM "restaurants"
  [1m[36mReview Load (1.0ms)[0m  [1mSELECT "reviews".* FROM "reviews" WHERE "reviews"."restaurant_id" = $1[0m  [["restaurant_id", 1]]
  Rendered restaurants/index.html.erb within layouts/application (31.7ms)
Completed 200 OK in 85ms (Views: 81.6ms | ActiveRecord: 2.5ms)


Started GET "/restaurants/1/reviews/new" for ::1 at 2016-05-25 12:10:27 +0100
Processing by ReviewsController#new as HTML
  Parameters: {"restaurant_id"=>"1"}
  [1m[35mRestaurant Load (0.3ms)[0m  SELECT  "restaurants".* FROM "restaurants" WHERE "restaurants"."id" = $1 LIMIT 1  [["id", 1]]
  Rendered reviews/new.html.erb within layouts/application (8.8ms)
Completed 200 OK in 61ms (Views: 48.4ms | ActiveRecord: 1.9ms)


Started POST "/restaurants/1/reviews" for ::1 at 2016-05-25 12:10:36 +0100
Processing by ReviewsController#create as HTML
  Parameters: {"utf8"=>"✓", "authenticity_token"=>"PVdQ15iVK6Z/twt4PC25updDp8g5RsDvNWYHNHMVuf9CHG5gl+StzkwJ+dkFAlxgsgy0Twf3d6FKXbQlKwL5yg==", "review"=>{"thoughts"=>"No so tastey after all!", "rating"=>"1"}, "commit"=>"Leave Review", "restaurant_id"=>"1"}
  [1m[36mRestaurant Load (0.3ms)[0m  [1mSELECT  "restaurants".* FROM "restaurants" WHERE "restaurants"."id" = $1 LIMIT 1[0m  [["id", 1]]
  [1m[35m (0.1ms)[0m  BEGIN
  [1m[36mSQL (0.8ms)[0m  [1mINSERT INTO "reviews" ("thoughts", "rating", "restaurant_id", "created_at", "updated_at") VALUES ($1, $2, $3, $4, $5) RETURNING "id"[0m  [["thoughts", "No so tastey after all!"], ["rating", 1], ["restaurant_id", 1], ["created_at", "2016-05-25 11:10:36.023079"], ["updated_at", "2016-05-25 11:10:36.023079"]]
  [1m[35m (0.4ms)[0m  COMMIT
Redirected to http://localhost:3000/restaurants
Completed 302 Found in 12ms (ActiveRecord: 1.6ms)


Started GET "/restaurants" for ::1 at 2016-05-25 12:10:36 +0100
Processing by RestaurantsController#index as HTML
  [1m[36m (0.6ms)[0m  [1mSELECT COUNT(*) FROM "restaurants"[0m
  [1m[35mRestaurant Load (0.3ms)[0m  SELECT "restaurants".* FROM "restaurants"
  [1m[36mReview Load (0.3ms)[0m  [1mSELECT "reviews".* FROM "reviews" WHERE "reviews"."restaurant_id" = $1[0m  [["restaurant_id", 1]]
  Rendered restaurants/index.html.erb within layouts/application (5.2ms)
Completed 200 OK in 72ms (Views: 69.8ms | ActiveRecord: 1.2ms)


Started DELETE "/restaurants/1" for ::1 at 2016-05-25 12:10:41 +0100
Processing by RestaurantsController#destroy as HTML
  Parameters: {"authenticity_token"=>"c7U3bUxNoVxSwhppPkriv3+0vVkCK7ipqPCKYEzTxV0M/gnaQzwnNGF86MgHZQdlWvuu3jyaD+fXyzlxFMSFaA==", "id"=>"1"}
  [1m[35mRestaurant Load (0.3ms)[0m  SELECT  "restaurants".* FROM "restaurants" WHERE "restaurants"."id" = $1 LIMIT 1  [["id", 1]]
  [1m[36m (0.1ms)[0m  [1mBEGIN[0m
  [1m[35mSQL (2.1ms)[0m  DELETE FROM "restaurants" WHERE "restaurants"."id" = $1  [["id", 1]]
  [1m[36m (0.5ms)[0m  [1mROLLBACK[0m
Completed 500 Internal Server Error in 7ms (ActiveRecord: 3.0ms)

ActiveRecord::InvalidForeignKey (PG::ForeignKeyViolation: ERROR:  update or delete on table "restaurants" violates foreign key constraint "fk_rails_8173017a90" on table "reviews"
DETAIL:  Key (id)=(1) is still referenced from table "reviews".
: DELETE FROM "restaurants" WHERE "restaurants"."id" = $1):
  app/controllers/restaurants_controller.rb:36:in `destroy'


  Rendered /Users/admin/.rvm/gems/ruby-2.3.0/gems/actionpack-4.2.6/lib/action_dispatch/middleware/templates/rescues/_source.erb (18.1ms)
  Rendered /Users/admin/.rvm/gems/ruby-2.3.0/gems/actionpack-4.2.6/lib/action_dispatch/middleware/templates/rescues/_trace.html.erb (2.2ms)
  Rendered /Users/admin/.rvm/gems/ruby-2.3.0/gems/actionpack-4.2.6/lib/action_dispatch/middleware/templates/rescues/_request_and_response.html.erb (0.9ms)
  Rendered /Users/admin/.rvm/gems/ruby-2.3.0/gems/actionpack-4.2.6/lib/action_dispatch/middleware/templates/rescues/diagnostics.html.erb within rescues/layout (84.9ms)
  Rendered /Users/admin/.rvm/gems/ruby-2.3.0/gems/web-console-2.3.0/lib/web_console/templates/_markup.html.erb (0.5ms)
  Rendered /Users/admin/.rvm/gems/ruby-2.3.0/gems/web-console-2.3.0/lib/web_console/templates/_inner_console_markup.html.erb within layouts/inlined_string (0.7ms)
  Rendered /Users/admin/.rvm/gems/ruby-2.3.0/gems/web-console-2.3.0/lib/web_console/templates/_prompt_box_markup.html.erb within layouts/inlined_string (0.3ms)
  Rendered /Users/admin/.rvm/gems/ruby-2.3.0/gems/web-console-2.3.0/lib/web_console/templates/style.css.erb within layouts/inlined_string (0.3ms)
  Rendered /Users/admin/.rvm/gems/ruby-2.3.0/gems/web-console-2.3.0/lib/web_console/templates/console.js.erb within layouts/javascript (95.3ms)
  Rendered /Users/admin/.rvm/gems/ruby-2.3.0/gems/web-console-2.3.0/lib/web_console/templates/main.js.erb within layouts/javascript (0.3ms)
  Rendered /Users/admin/.rvm/gems/ruby-2.3.0/gems/web-console-2.3.0/lib/web_console/templates/error_page.js.erb within layouts/javascript (1.0ms)
  Rendered /Users/admin/.rvm/gems/ruby-2.3.0/gems/web-console-2.3.0/lib/web_console/templates/index.html.erb (176.5ms)


Started GET "/restaurants/new" for ::1 at 2016-05-25 12:10:45 +0100
Processing by RestaurantsController#new as HTML
  Rendered restaurants/new.html.erb within layouts/application (1.5ms)
Completed 200 OK in 32ms (Views: 30.9ms | ActiveRecord: 0.0ms)


Started POST "/restaurants" for ::1 at 2016-05-25 12:10:52 +0100
Processing by RestaurantsController#create as HTML
  Parameters: {"utf8"=>"✓", "authenticity_token"=>"uUN+aTki/8x5nZMyaQr36p/87tJwdkdBRij0Uky8VFzGCEDeNlN5pEojYZNQJRIwurP9VU7H8A85E0dDFKsUaQ==", "restaurant"=>{"name"=>"Chippy", "description"=>"chips"}, "commit"=>"Create Restaurant"}
  [1m[35m (0.8ms)[0m  BEGIN
  [1m[36mRestaurant Exists (0.7ms)[0m  [1mSELECT  1 AS one FROM "restaurants" WHERE "restaurants"."name" = 'Chippy' LIMIT 1[0m
  [1m[35mSQL (0.4ms)[0m  INSERT INTO "restaurants" ("name", "description", "created_at", "updated_at") VALUES ($1, $2, $3, $4) RETURNING "id"  [["name", "Chippy"], ["description", "chips"], ["created_at", "2016-05-25 11:10:52.688103"], ["updated_at", "2016-05-25 11:10:52.688103"]]
  [1m[36m (0.5ms)[0m  [1mCOMMIT[0m
Redirected to http://localhost:3000/restaurants
Completed 302 Found in 8ms (ActiveRecord: 2.4ms)


Started GET "/restaurants" for ::1 at 2016-05-25 12:10:52 +0100
Processing by RestaurantsController#index as HTML
  [1m[35m (0.3ms)[0m  SELECT COUNT(*) FROM "restaurants"
  [1m[36mRestaurant Load (0.2ms)[0m  [1mSELECT "restaurants".* FROM "restaurants"[0m
  [1m[35mReview Load (0.5ms)[0m  SELECT "reviews".* FROM "reviews" WHERE "reviews"."restaurant_id" = $1  [["restaurant_id", 1]]
  [1m[36mReview Load (0.2ms)[0m  [1mSELECT "reviews".* FROM "reviews" WHERE "reviews"."restaurant_id" = $1[0m  [["restaurant_id", 2]]
  Rendered restaurants/index.html.erb within layouts/application (4.9ms)
Completed 200 OK in 44ms (Views: 41.7ms | ActiveRecord: 1.3ms)


Started DELETE "/restaurants/2" for ::1 at 2016-05-25 12:10:54 +0100
Processing by RestaurantsController#destroy as HTML
  Parameters: {"authenticity_token"=>"0ytsz3iW7UHNY1fRdvhErahoNi1hp6hhgUVuPGfm6GWsYFJ4d+drKf7dpXBP16F3jSclql8WHy/+ft0tP/GoUA==", "id"=>"2"}
  [1m[35mRestaurant Load (2.0ms)[0m  SELECT  "restaurants".* FROM "restaurants" WHERE "restaurants"."id" = $1 LIMIT 1  [["id", 2]]
  [1m[36m (0.8ms)[0m  [1mBEGIN[0m
  [1m[35mSQL (1.7ms)[0m  DELETE FROM "restaurants" WHERE "restaurants"."id" = $1  [["id", 2]]
  [1m[36m (1.4ms)[0m  [1mCOMMIT[0m
Redirected to http://localhost:3000/restaurants
Completed 302 Found in 10ms (ActiveRecord: 6.0ms)


Started GET "/restaurants" for ::1 at 2016-05-25 12:10:54 +0100
Processing by RestaurantsController#index as HTML
  [1m[35m (2.9ms)[0m  SELECT COUNT(*) FROM "restaurants"
  [1m[36mRestaurant Load (0.3ms)[0m  [1mSELECT "restaurants".* FROM "restaurants"[0m
  [1m[35mReview Load (0.4ms)[0m  SELECT "reviews".* FROM "reviews" WHERE "reviews"."restaurant_id" = $1  [["restaurant_id", 1]]
  Rendered restaurants/index.html.erb within layouts/application (7.6ms)
Completed 200 OK in 60ms (Views: 55.8ms | ActiveRecord: 3.6ms)


Started GET "/restaurants" for ::1 at 2016-05-25 12:11:00 +0100
Processing by RestaurantsController#index as HTML
  [1m[36m (2.4ms)[0m  [1mSELECT COUNT(*) FROM "restaurants"[0m
  [1m[35mRestaurant Load (0.4ms)[0m  SELECT "restaurants".* FROM "restaurants"
  [1m[36mReview Load (0.3ms)[0m  [1mSELECT "reviews".* FROM "reviews" WHERE "reviews"."restaurant_id" = $1[0m  [["restaurant_id", 1]]
  Rendered restaurants/index.html.erb within layouts/application (6.2ms)
Completed 200 OK in 40ms (Views: 36.7ms | ActiveRecord: 3.2ms)


Started GET "/assets/restaurants.self-e3b0c44298fc1c149afbf4c8996fb92427ae41e4649b934ca495991b7852b855.css?body=1" for ::1 at 2016-05-25 12:11:00 +0100


Started GET "/assets/jquery.self-660adc51e0224b731d29f575a6f1ec167ba08ad06ed5deca4f1e8654c135bf4c.js?body=1" for ::1 at 2016-05-25 12:11:00 +0100


Started GET "/assets/application.self-e80e8f2318043e8af94dddc2adad5a4f09739a8ebb323b3ab31cd71d45fd9113.css?body=1" for ::1 at 2016-05-25 12:11:00 +0100


Started GET "/assets/reviews.self-e3b0c44298fc1c149afbf4c8996fb92427ae41e4649b934ca495991b7852b855.css?body=1" for ::1 at 2016-05-25 12:11:00 +0100


Started GET "/assets/jquery_ujs.self-e87806d0cf4489aeb1bb7288016024e8de67fd18db693fe026fe3907581e53cd.js?body=1" for ::1 at 2016-05-25 12:11:00 +0100


Started GET "/assets/turbolinks.self-c37727e9bd6b2735da5c311aa83fead54ed0be6cc8bd9a65309e9c5abe2cbfff.js?body=1" for ::1 at 2016-05-25 12:11:00 +0100


Started GET "/assets/restaurants.self-877aef30ae1b040ab8a3aba4e3e309a11d7f2612f44dde450b5c157aa5f95c05.js?body=1" for ::1 at 2016-05-25 12:11:00 +0100


Started GET "/assets/reviews.self-877aef30ae1b040ab8a3aba4e3e309a11d7f2612f44dde450b5c157aa5f95c05.js?body=1" for ::1 at 2016-05-25 12:11:00 +0100


Started GET "/assets/application.self-3b8dabdc891efe46b9a144b400ad69e37d7e5876bdc39dee783419a69d7ca819.js?body=1" for ::1 at 2016-05-25 12:11:00 +0100


Started GET "/" for ::1 at 2016-05-25 12:12:15 +0100
  [1m[36mActiveRecord::SchemaMigration Load (0.4ms)[0m  [1mSELECT "schema_migrations".* FROM "schema_migrations"[0m
Processing by RestaurantsController#index as HTML
  [1m[35m (0.4ms)[0m  SELECT COUNT(*) FROM "restaurants"
  [1m[36mRestaurant Load (0.2ms)[0m  [1mSELECT "restaurants".* FROM "restaurants"[0m
  [1m[35mReview Load (0.5ms)[0m  SELECT "reviews".* FROM "reviews" WHERE "reviews"."restaurant_id" = $1  [["restaurant_id", 1]]
  Rendered restaurants/index.html.erb within layouts/application (52.0ms)
Completed 200 OK in 437ms (Views: 409.3ms | ActiveRecord: 7.7ms)


Started GET "/users/sign_in" for ::1 at 2016-05-25 12:12:19 +0100
Processing by Devise::SessionsController#new as HTML
  Rendered devise/shared/_links.html.erb (3.6ms)
  Rendered devise/sessions/new.html.erb within layouts/application (80.7ms)
Completed 200 OK in 165ms (Views: 141.6ms | ActiveRecord: 1.4ms)


Started GET "/users/sign_out" for ::1 at 2016-05-25 12:12:23 +0100

ActionController::RoutingError (No route matches [GET] "/users/sign_out"):
  actionpack (4.2.6) lib/action_dispatch/middleware/debug_exceptions.rb:21:in `call'
  web-console (2.3.0) lib/web_console/middleware.rb:28:in `block in call'
  web-console (2.3.0) lib/web_console/middleware.rb:18:in `catch'
  web-console (2.3.0) lib/web_console/middleware.rb:18:in `call'
  actionpack (4.2.6) lib/action_dispatch/middleware/show_exceptions.rb:30:in `call'
  railties (4.2.6) lib/rails/rack/logger.rb:38:in `call_app'
  railties (4.2.6) lib/rails/rack/logger.rb:20:in `block in call'
  activesupport (4.2.6) lib/active_support/tagged_logging.rb:68:in `block in tagged'
  activesupport (4.2.6) lib/active_support/tagged_logging.rb:26:in `tagged'
  activesupport (4.2.6) lib/active_support/tagged_logging.rb:68:in `tagged'
  railties (4.2.6) lib/rails/rack/logger.rb:20:in `call'
  actionpack (4.2.6) lib/action_dispatch/middleware/request_id.rb:21:in `call'
  rack (1.6.4) lib/rack/methodoverride.rb:22:in `call'
  rack (1.6.4) lib/rack/runtime.rb:18:in `call'
  activesupport (4.2.6) lib/active_support/cache/strategy/local_cache_middleware.rb:28:in `call'
  rack (1.6.4) lib/rack/lock.rb:17:in `call'
  actionpack (4.2.6) lib/action_dispatch/middleware/static.rb:120:in `call'
  rack (1.6.4) lib/rack/sendfile.rb:113:in `call'
  railties (4.2.6) lib/rails/engine.rb:518:in `call'
  railties (4.2.6) lib/rails/application.rb:165:in `call'
  rack (1.6.4) lib/rack/lock.rb:17:in `call'
  rack (1.6.4) lib/rack/content_length.rb:15:in `call'
  rack (1.6.4) lib/rack/handler/webrick.rb:88:in `service'
  /Users/admin/.rvm/rubies/ruby-2.3.0/lib/ruby/2.3.0/webrick/httpserver.rb:140:in `service'
  /Users/admin/.rvm/rubies/ruby-2.3.0/lib/ruby/2.3.0/webrick/httpserver.rb:96:in `run'
  /Users/admin/.rvm/rubies/ruby-2.3.0/lib/ruby/2.3.0/webrick/server.rb:296:in `block in start_thread'


  Rendered /Users/admin/.rvm/gems/ruby-2.3.0/gems/actionpack-4.2.6/lib/action_dispatch/middleware/templates/rescues/_trace.html.erb (4.2ms)
  Rendered /Users/admin/.rvm/gems/ruby-2.3.0/gems/actionpack-4.2.6/lib/action_dispatch/middleware/templates/routes/_route.html.erb (7.2ms)
  Rendered /Users/admin/.rvm/gems/ruby-2.3.0/gems/actionpack-4.2.6/lib/action_dispatch/middleware/templates/routes/_table.html.erb (21.1ms)
  Rendered /Users/admin/.rvm/gems/ruby-2.3.0/gems/actionpack-4.2.6/lib/action_dispatch/middleware/templates/rescues/_request_and_response.html.erb (1.9ms)
  Rendered /Users/admin/.rvm/gems/ruby-2.3.0/gems/actionpack-4.2.6/lib/action_dispatch/middleware/templates/rescues/routing_error.html.erb within rescues/layout (144.4ms)
  Rendered /Users/admin/.rvm/gems/ruby-2.3.0/gems/web-console-2.3.0/lib/web_console/templates/_markup.html.erb (0.4ms)
  Rendered /Users/admin/.rvm/gems/ruby-2.3.0/gems/web-console-2.3.0/lib/web_console/templates/_inner_console_markup.html.erb within layouts/inlined_string (0.5ms)
  Rendered /Users/admin/.rvm/gems/ruby-2.3.0/gems/web-console-2.3.0/lib/web_console/templates/_prompt_box_markup.html.erb within layouts/inlined_string (0.3ms)
  Rendered /Users/admin/.rvm/gems/ruby-2.3.0/gems/web-console-2.3.0/lib/web_console/templates/style.css.erb within layouts/inlined_string (0.4ms)
  Rendered /Users/admin/.rvm/gems/ruby-2.3.0/gems/web-console-2.3.0/lib/web_console/templates/console.js.erb within layouts/javascript (64.9ms)
  Rendered /Users/admin/.rvm/gems/ruby-2.3.0/gems/web-console-2.3.0/lib/web_console/templates/main.js.erb within layouts/javascript (0.3ms)
  Rendered /Users/admin/.rvm/gems/ruby-2.3.0/gems/web-console-2.3.0/lib/web_console/templates/error_page.js.erb within layouts/javascript (0.5ms)
  Rendered /Users/admin/.rvm/gems/ruby-2.3.0/gems/web-console-2.3.0/lib/web_console/templates/index.html.erb (142.4ms)
  [1m[36mActiveRecord::SchemaMigration Load (0.4ms)[0m  [1mSELECT "schema_migrations".* FROM "schema_migrations"[0m
  [1m[35mActiveRecord::SchemaMigration Load (0.2ms)[0m  SELECT "schema_migrations".* FROM "schema_migrations"
  [1m[36m (3.4ms)[0m  [1mSELECT t2.oid::regclass::text AS to_table, a1.attname AS column, a2.attname AS primary_key, c.conname AS name, c.confupdtype AS on_update, c.confdeltype AS on_delete
FROM pg_constraint c
JOIN pg_class t1 ON c.conrelid = t1.oid
JOIN pg_class t2 ON c.confrelid = t2.oid
JOIN pg_attribute a1 ON a1.attnum = c.conkey[1] AND a1.attrelid = t1.oid
JOIN pg_attribute a2 ON a2.attnum = c.confkey[1] AND a2.attrelid = t2.oid
JOIN pg_namespace t3 ON c.connamespace = t3.oid
WHERE c.contype = 'f'
  AND t1.relname = 'restaurants'
  AND t3.nspname = ANY (current_schemas(false))
ORDER BY c.conname
[0m
  [1m[35m (2.3ms)[0m  SELECT t2.oid::regclass::text AS to_table, a1.attname AS column, a2.attname AS primary_key, c.conname AS name, c.confupdtype AS on_update, c.confdeltype AS on_delete
FROM pg_constraint c
JOIN pg_class t1 ON c.conrelid = t1.oid
JOIN pg_class t2 ON c.confrelid = t2.oid
JOIN pg_attribute a1 ON a1.attnum = c.conkey[1] AND a1.attrelid = t1.oid
JOIN pg_attribute a2 ON a2.attnum = c.confkey[1] AND a2.attrelid = t2.oid
JOIN pg_namespace t3 ON c.connamespace = t3.oid
WHERE c.contype = 'f'
  AND t1.relname = 'reviews'
  AND t3.nspname = ANY (current_schemas(false))
ORDER BY c.conname

  [1m[36m (2.4ms)[0m  [1mSELECT t2.oid::regclass::text AS to_table, a1.attname AS column, a2.attname AS primary_key, c.conname AS name, c.confupdtype AS on_update, c.confdeltype AS on_delete
FROM pg_constraint c
JOIN pg_class t1 ON c.conrelid = t1.oid
JOIN pg_class t2 ON c.confrelid = t2.oid
JOIN pg_attribute a1 ON a1.attnum = c.conkey[1] AND a1.attrelid = t1.oid
JOIN pg_attribute a2 ON a2.attnum = c.confkey[1] AND a2.attrelid = t2.oid
JOIN pg_namespace t3 ON c.connamespace = t3.oid
WHERE c.contype = 'f'
  AND t1.relname = 'users'
  AND t3.nspname = ANY (current_schemas(false))
ORDER BY c.conname
[0m


Started GET "/restaurants" for ::1 at 2016-05-25 12:13:44 +0100
  [1m[36mActiveRecord::SchemaMigration Load (0.6ms)[0m  [1mSELECT "schema_migrations".* FROM "schema_migrations"[0m
Processing by RestaurantsController#index as HTML
  [1m[35m (1.2ms)[0m  SELECT COUNT(*) FROM "restaurants"
  [1m[36mRestaurant Load (0.5ms)[0m  [1mSELECT "restaurants".* FROM "restaurants"[0m
  [1m[35mReview Load (0.4ms)[0m  SELECT "reviews".* FROM "reviews" WHERE "reviews"."restaurant_id" = $1  [["restaurant_id", 1]]
  Rendered restaurants/index.html.erb within layouts/application (56.8ms)
Completed 200 OK in 440ms (Views: 415.5ms | ActiveRecord: 9.1ms)


Started DELETE "/restaurants/1" for ::1 at 2016-05-25 12:13:48 +0100
Processing by RestaurantsController#destroy as HTML
  Parameters: {"authenticity_token"=>"wpZiG9wSZTiX24SpaW+hGJewq7MASlgsXzKwaynnwn+93Vys02PjUKRldghQQETCsv+4ND7772IgCQN6cfCCSg==", "id"=>"1"}
  [1m[36mRestaurant Load (0.4ms)[0m  [1mSELECT  "restaurants".* FROM "restaurants" WHERE "restaurants"."id" = $1 LIMIT 1[0m  [["id", 1]]
  [1m[35m (0.2ms)[0m  BEGIN
  [1m[36mReview Load (0.5ms)[0m  [1mSELECT "reviews".* FROM "reviews" WHERE "reviews"."restaurant_id" = $1[0m  [["restaurant_id", 1]]
  [1m[35mSQL (0.3ms)[0m  DELETE FROM "reviews" WHERE "reviews"."id" = $1  [["id", 1]]
  [1m[36mSQL (0.6ms)[0m  [1mDELETE FROM "restaurants" WHERE "restaurants"."id" = $1[0m  [["id", 1]]
  [1m[35m (15.8ms)[0m  COMMIT
Redirected to http://localhost:3000/restaurants
Completed 302 Found in 32ms (ActiveRecord: 17.9ms)


Started GET "/restaurants" for ::1 at 2016-05-25 12:13:48 +0100
Processing by RestaurantsController#index as HTML
  [1m[36m (0.3ms)[0m  [1mSELECT COUNT(*) FROM "restaurants"[0m
  Rendered restaurants/index.html.erb within layouts/application (1.0ms)
Completed 200 OK in 37ms (Views: 35.3ms | ActiveRecord: 0.3ms)
  [1m[36mActiveRecord::SchemaMigration Load (0.5ms)[0m  [1mSELECT "schema_migrations".* FROM "schema_migrations"[0m
Migrating to AddOmniauthToUsers (20160525151647)
  [1m[35m (3.8ms)[0m  BEGIN
  [1m[36m (1.0ms)[0m  [1mALTER TABLE "users" ADD "provider" character varying[0m
  [1m[35m (0.3ms)[0m  ALTER TABLE "users" ADD "uid" character varying
  [1m[36mSQL (0.3ms)[0m  [1mINSERT INTO "schema_migrations" ("version") VALUES ($1)[0m  [["version", "20160525151647"]]
  [1m[35m (15.6ms)[0m  COMMIT
  [1m[36mActiveRecord::SchemaMigration Load (0.2ms)[0m  [1mSELECT "schema_migrations".* FROM "schema_migrations"[0m
  [1m[35m (2.7ms)[0m  SELECT t2.oid::regclass::text AS to_table, a1.attname AS column, a2.attname AS primary_key, c.conname AS name, c.confupdtype AS on_update, c.confdeltype AS on_delete
FROM pg_constraint c
JOIN pg_class t1 ON c.conrelid = t1.oid
JOIN pg_class t2 ON c.confrelid = t2.oid
JOIN pg_attribute a1 ON a1.attnum = c.conkey[1] AND a1.attrelid = t1.oid
JOIN pg_attribute a2 ON a2.attnum = c.confkey[1] AND a2.attrelid = t2.oid
JOIN pg_namespace t3 ON c.connamespace = t3.oid
WHERE c.contype = 'f'
  AND t1.relname = 'restaurants'
  AND t3.nspname = ANY (current_schemas(false))
ORDER BY c.conname

  [1m[36m (2.8ms)[0m  [1mSELECT t2.oid::regclass::text AS to_table, a1.attname AS column, a2.attname AS primary_key, c.conname AS name, c.confupdtype AS on_update, c.confdeltype AS on_delete
FROM pg_constraint c
JOIN pg_class t1 ON c.conrelid = t1.oid
JOIN pg_class t2 ON c.confrelid = t2.oid
JOIN pg_attribute a1 ON a1.attnum = c.conkey[1] AND a1.attrelid = t1.oid
JOIN pg_attribute a2 ON a2.attnum = c.confkey[1] AND a2.attrelid = t2.oid
JOIN pg_namespace t3 ON c.connamespace = t3.oid
WHERE c.contype = 'f'
  AND t1.relname = 'reviews'
  AND t3.nspname = ANY (current_schemas(false))
ORDER BY c.conname
[0m
  [1m[35m (2.0ms)[0m  SELECT t2.oid::regclass::text AS to_table, a1.attname AS column, a2.attname AS primary_key, c.conname AS name, c.confupdtype AS on_update, c.confdeltype AS on_delete
FROM pg_constraint c
JOIN pg_class t1 ON c.conrelid = t1.oid
JOIN pg_class t2 ON c.confrelid = t2.oid
JOIN pg_attribute a1 ON a1.attnum = c.conkey[1] AND a1.attrelid = t1.oid
JOIN pg_attribute a2 ON a2.attnum = c.confkey[1] AND a2.attrelid = t2.oid
JOIN pg_namespace t3 ON c.connamespace = t3.oid
WHERE c.contype = 'f'
  AND t1.relname = 'users'
  AND t3.nspname = ANY (current_schemas(false))
ORDER BY c.conname

  [1m[36mActiveRecord::SchemaMigration Load (0.7ms)[0m  [1mSELECT "schema_migrations".* FROM "schema_migrations"[0m
  [1m[35mActiveRecord::SchemaMigration Load (0.2ms)[0m  SELECT "schema_migrations".* FROM "schema_migrations"
  [1m[36m (4.2ms)[0m  [1mSELECT t2.oid::regclass::text AS to_table, a1.attname AS column, a2.attname AS primary_key, c.conname AS name, c.confupdtype AS on_update, c.confdeltype AS on_delete
FROM pg_constraint c
JOIN pg_class t1 ON c.conrelid = t1.oid
JOIN pg_class t2 ON c.confrelid = t2.oid
JOIN pg_attribute a1 ON a1.attnum = c.conkey[1] AND a1.attrelid = t1.oid
JOIN pg_attribute a2 ON a2.attnum = c.confkey[1] AND a2.attrelid = t2.oid
JOIN pg_namespace t3 ON c.connamespace = t3.oid
WHERE c.contype = 'f'
  AND t1.relname = 'restaurants'
  AND t3.nspname = ANY (current_schemas(false))
ORDER BY c.conname
[0m
  [1m[35m (3.0ms)[0m  SELECT t2.oid::regclass::text AS to_table, a1.attname AS column, a2.attname AS primary_key, c.conname AS name, c.confupdtype AS on_update, c.confdeltype AS on_delete
FROM pg_constraint c
JOIN pg_class t1 ON c.conrelid = t1.oid
JOIN pg_class t2 ON c.confrelid = t2.oid
JOIN pg_attribute a1 ON a1.attnum = c.conkey[1] AND a1.attrelid = t1.oid
JOIN pg_attribute a2 ON a2.attnum = c.confkey[1] AND a2.attrelid = t2.oid
JOIN pg_namespace t3 ON c.connamespace = t3.oid
WHERE c.contype = 'f'
  AND t1.relname = 'reviews'
  AND t3.nspname = ANY (current_schemas(false))
ORDER BY c.conname

  [1m[36m (3.0ms)[0m  [1mSELECT t2.oid::regclass::text AS to_table, a1.attname AS column, a2.attname AS primary_key, c.conname AS name, c.confupdtype AS on_update, c.confdeltype AS on_delete
FROM pg_constraint c
JOIN pg_class t1 ON c.conrelid = t1.oid
JOIN pg_class t2 ON c.confrelid = t2.oid
JOIN pg_attribute a1 ON a1.attnum = c.conkey[1] AND a1.attrelid = t1.oid
JOIN pg_attribute a2 ON a2.attnum = c.confkey[1] AND a2.attrelid = t2.oid
JOIN pg_namespace t3 ON c.connamespace = t3.oid
WHERE c.contype = 'f'
  AND t1.relname = 'users'
  AND t3.nspname = ANY (current_schemas(false))
ORDER BY c.conname
[0m


Started GET "/" for ::1 at 2016-05-25 16:53:43 +0100
  [1m[36mActiveRecord::SchemaMigration Load (0.4ms)[0m  [1mSELECT "schema_migrations".* FROM "schema_migrations"[0m
Processing by RestaurantsController#index as HTML
  [1m[35m (0.5ms)[0m  SELECT COUNT(*) FROM "restaurants"
  Rendered restaurants/index.html.erb within layouts/application (6.8ms)
DEPRECATION WARNING: [Devise] user_omniauth_authorize_path(:facebook) is deprecated and it will be removed from Devise 4.2.

Please use user_facebook_omniauth_authorize_path instead.
 (called from _app_views_layouts_application_html_erb__276876436563572926_70250332059980 at /Users/admin/Dropbox/projects/main_course/Week_7/yelp_clone/yelp_clone/app/views/layouts/application.html.erb:14)
Completed 200 OK in 700ms (Views: 633.2ms | ActiveRecord: 1.2ms)


Started GET "/users/auth/facebook" for ::1 at 2016-05-25 16:53:46 +0100


Started GET "/users/auth/facebook" for ::1 at 2016-05-25 16:53:47 +0100


Started GET "/" for ::1 at 2016-05-25 16:54:16 +0100
  [1m[36mActiveRecord::SchemaMigration Load (0.4ms)[0m  [1mSELECT "schema_migrations".* FROM "schema_migrations"[0m
Processing by RestaurantsController#index as HTML
  [1m[35m (0.4ms)[0m  SELECT COUNT(*) FROM "restaurants"
  Rendered restaurants/index.html.erb within layouts/application (4.3ms)
DEPRECATION WARNING: [Devise] user_omniauth_authorize_path(:facebook) is deprecated and it will be removed from Devise 4.2.

Please use user_facebook_omniauth_authorize_path instead.
 (called from _app_views_layouts_application_html_erb___1586950390341886257_70115353190080 at /Users/admin/Dropbox/projects/main_course/Week_7/yelp_clone/yelp_clone/app/views/layouts/application.html.erb:14)
Completed 200 OK in 359ms (Views: 306.8ms | ActiveRecord: 1.1ms)


Started GET "/users/auth/facebook" for ::1 at 2016-05-25 16:54:18 +0100


Started GET "/users/auth/facebook" for ::1 at 2016-05-25 16:54:18 +0100


Started GET "/users/auth/facebook" for ::1 at 2016-05-25 16:57:52 +0100


Started GET "/users/auth/facebook" for ::1 at 2016-05-25 16:57:52 +0100


Started GET "/" for ::1 at 2016-05-25 16:58:15 +0100
  [1m[36mActiveRecord::SchemaMigration Load (0.5ms)[0m  [1mSELECT "schema_migrations".* FROM "schema_migrations"[0m
Processing by RestaurantsController#index as HTML
  [1m[35m (0.3ms)[0m  SELECT COUNT(*) FROM "restaurants"
  Rendered restaurants/index.html.erb within layouts/application (6.3ms)
DEPRECATION WARNING: [Devise] user_omniauth_authorize_path(:facebook) is deprecated and it will be removed from Devise 4.2.

Please use user_facebook_omniauth_authorize_path instead.
 (called from _app_views_layouts_application_html_erb___151814688892334036_70253296454820 at /Users/admin/Dropbox/projects/main_course/Week_7/yelp_clone/yelp_clone/app/views/layouts/application.html.erb:14)
Completed 200 OK in 539ms (Views: 465.0ms | ActiveRecord: 1.4ms)


Started GET "/assets/restaurants.self-e3b0c44298fc1c149afbf4c8996fb92427ae41e4649b934ca495991b7852b855.css?body=1" for ::1 at 2016-05-25 16:58:15 +0100


Started GET "/assets/reviews.self-e3b0c44298fc1c149afbf4c8996fb92427ae41e4649b934ca495991b7852b855.css?body=1" for ::1 at 2016-05-25 16:58:15 +0100


Started GET "/assets/application.self-e80e8f2318043e8af94dddc2adad5a4f09739a8ebb323b3ab31cd71d45fd9113.css?body=1" for ::1 at 2016-05-25 16:58:15 +0100


Started GET "/assets/jquery.self-660adc51e0224b731d29f575a6f1ec167ba08ad06ed5deca4f1e8654c135bf4c.js?body=1" for ::1 at 2016-05-25 16:58:15 +0100


Started GET "/assets/restaurants.self-877aef30ae1b040ab8a3aba4e3e309a11d7f2612f44dde450b5c157aa5f95c05.js?body=1" for ::1 at 2016-05-25 16:58:15 +0100


Started GET "/assets/jquery_ujs.self-e87806d0cf4489aeb1bb7288016024e8de67fd18db693fe026fe3907581e53cd.js?body=1" for ::1 at 2016-05-25 16:58:15 +0100


Started GET "/assets/reviews.self-877aef30ae1b040ab8a3aba4e3e309a11d7f2612f44dde450b5c157aa5f95c05.js?body=1" for ::1 at 2016-05-25 16:58:15 +0100


Started GET "/assets/turbolinks.self-c37727e9bd6b2735da5c311aa83fead54ed0be6cc8bd9a65309e9c5abe2cbfff.js?body=1" for ::1 at 2016-05-25 16:58:15 +0100


Started GET "/assets/application.self-3b8dabdc891efe46b9a144b400ad69e37d7e5876bdc39dee783419a69d7ca819.js?body=1" for ::1 at 2016-05-25 16:58:15 +0100


Started GET "/users/auth/facebook" for ::1 at 2016-05-25 16:58:19 +0100


Started GET "/users/auth/facebook" for ::1 at 2016-05-25 16:58:19 +0100


Started GET "/users/auth/facebook" for ::1 at 2016-05-25 17:01:49 +0100


Started GET "/users/auth/facebook" for ::1 at 2016-05-25 17:01:49 +0100


Started GET "/" for ::1 at 2016-05-25 17:07:25 +0100
Processing by RestaurantsController#index as HTML
  [1m[36m (0.3ms)[0m  [1mSELECT COUNT(*) FROM "restaurants"[0m
  Rendered restaurants/index.html.erb within layouts/application (1.5ms)
DEPRECATION WARNING: [Devise] user_omniauth_authorize_path(:facebook) is deprecated and it will be removed from Devise 4.2.

Please use user_facebook_omniauth_authorize_path instead.
 (called from _app_views_layouts_application_html_erb___151814688892334036_70253296454820 at /Users/admin/Dropbox/projects/main_course/Week_7/yelp_clone/yelp_clone/app/views/layouts/application.html.erb:14)
Completed 200 OK in 166ms (Views: 165.2ms | ActiveRecord: 0.3ms)


Started GET "/assets/restaurants.self-e3b0c44298fc1c149afbf4c8996fb92427ae41e4649b934ca495991b7852b855.css?body=1" for ::1 at 2016-05-25 17:07:25 +0100


Started GET "/assets/jquery.self-660adc51e0224b731d29f575a6f1ec167ba08ad06ed5deca4f1e8654c135bf4c.js?body=1" for ::1 at 2016-05-25 17:07:25 +0100


Started GET "/assets/application.self-e80e8f2318043e8af94dddc2adad5a4f09739a8ebb323b3ab31cd71d45fd9113.css?body=1" for ::1 at 2016-05-25 17:07:25 +0100


Started GET "/assets/reviews.self-e3b0c44298fc1c149afbf4c8996fb92427ae41e4649b934ca495991b7852b855.css?body=1" for ::1 at 2016-05-25 17:07:25 +0100


Started GET "/assets/jquery_ujs.self-e87806d0cf4489aeb1bb7288016024e8de67fd18db693fe026fe3907581e53cd.js?body=1" for ::1 at 2016-05-25 17:07:25 +0100


Started GET "/assets/turbolinks.self-c37727e9bd6b2735da5c311aa83fead54ed0be6cc8bd9a65309e9c5abe2cbfff.js?body=1" for ::1 at 2016-05-25 17:07:25 +0100


Started GET "/assets/restaurants.self-877aef30ae1b040ab8a3aba4e3e309a11d7f2612f44dde450b5c157aa5f95c05.js?body=1" for ::1 at 2016-05-25 17:07:25 +0100


Started GET "/assets/reviews.self-877aef30ae1b040ab8a3aba4e3e309a11d7f2612f44dde450b5c157aa5f95c05.js?body=1" for ::1 at 2016-05-25 17:07:25 +0100


Started GET "/assets/application.self-3b8dabdc891efe46b9a144b400ad69e37d7e5876bdc39dee783419a69d7ca819.js?body=1" for ::1 at 2016-05-25 17:07:25 +0100


Started GET "/users/auth/facebook" for ::1 at 2016-05-25 17:07:31 +0100


Started GET "/users/auth/facebook" for ::1 at 2016-05-25 17:07:31 +0100


Started GET "/" for ::1 at 2016-05-25 17:17:12 +0100
  [1m[36mActiveRecord::SchemaMigration Load (0.4ms)[0m  [1mSELECT "schema_migrations".* FROM "schema_migrations"[0m
Processing by RestaurantsController#index as HTML
  [1m[35m (0.3ms)[0m  SELECT COUNT(*) FROM "restaurants"
  Rendered restaurants/index.html.erb within layouts/application (5.9ms)
DEPRECATION WARNING: [Devise] user_omniauth_authorize_path(:facebook) is deprecated and it will be removed from Devise 4.2.

Please use user_facebook_omniauth_authorize_path instead.
 (called from _app_views_layouts_application_html_erb___2080668056213801264_70126981681860 at /Users/admin/Dropbox/projects/main_course/Week_7/yelp_clone/yelp_clone/app/views/layouts/application.html.erb:14)
Completed 200 OK in 435ms (Views: 406.5ms | ActiveRecord: 1.1ms)


Started GET "/assets/application.self-e80e8f2318043e8af94dddc2adad5a4f09739a8ebb323b3ab31cd71d45fd9113.css?body=1" for ::1 at 2016-05-25 17:17:13 +0100


Started GET "/assets/reviews.self-e3b0c44298fc1c149afbf4c8996fb92427ae41e4649b934ca495991b7852b855.css?body=1" for ::1 at 2016-05-25 17:17:13 +0100


Started GET "/assets/turbolinks.self-c37727e9bd6b2735da5c311aa83fead54ed0be6cc8bd9a65309e9c5abe2cbfff.js?body=1" for ::1 at 2016-05-25 17:17:13 +0100


Started GET "/assets/jquery.self-660adc51e0224b731d29f575a6f1ec167ba08ad06ed5deca4f1e8654c135bf4c.js?body=1" for ::1 at 2016-05-25 17:17:13 +0100


Started GET "/assets/jquery_ujs.self-e87806d0cf4489aeb1bb7288016024e8de67fd18db693fe026fe3907581e53cd.js?body=1" for ::1 at 2016-05-25 17:17:13 +0100


Started GET "/assets/restaurants.self-877aef30ae1b040ab8a3aba4e3e309a11d7f2612f44dde450b5c157aa5f95c05.js?body=1" for ::1 at 2016-05-25 17:17:13 +0100


Started GET "/assets/reviews.self-877aef30ae1b040ab8a3aba4e3e309a11d7f2612f44dde450b5c157aa5f95c05.js?body=1" for ::1 at 2016-05-25 17:17:13 +0100


Started GET "/assets/restaurants.self-e3b0c44298fc1c149afbf4c8996fb92427ae41e4649b934ca495991b7852b855.css?body=1" for ::1 at 2016-05-25 17:17:13 +0100


Started GET "/assets/application.self-3b8dabdc891efe46b9a144b400ad69e37d7e5876bdc39dee783419a69d7ca819.js?body=1" for ::1 at 2016-05-25 17:17:13 +0100


Started GET "/users/auth/facebook" for ::1 at 2016-05-25 17:17:15 +0100


Started GET "/users/auth/facebook" for ::1 at 2016-05-25 17:17:15 +0100


Started GET "/" for ::1 at 2016-05-25 22:22:38 +0100
  [1m[36mActiveRecord::SchemaMigration Load (62.7ms)[0m  [1mSELECT "schema_migrations".* FROM "schema_migrations"[0m
Processing by RestaurantsController#index as HTML
  [1m[35m (45.3ms)[0m  SELECT COUNT(*) FROM "restaurants"
  Rendered restaurants/index.html.erb within layouts/application (151.9ms)
DEPRECATION WARNING: [Devise] user_omniauth_authorize_path(:facebook) is deprecated and it will be removed from Devise 4.2.

Please use user_facebook_omniauth_authorize_path instead.
 (called from _app_views_layouts_application_html_erb___793635463810505224_70285035274900 at /Users/admin/Dropbox/projects/main_course/Week_7/yelp_clone/yelp_clone/app/views/layouts/application.html.erb:14)
Completed 200 OK in 1273ms (Views: 1075.8ms | ActiveRecord: 129.0ms)


Started GET "/users/auth/facebook" for ::1 at 2016-05-25 22:22:43 +0100


Started GET "/users/auth/facebook" for ::1 at 2016-05-25 22:22:43 +0100


Started GET "/users/auth/facebook/callback?code=AQDWJ_Lqx2RbKb-Kp8sURA7odTBgcpI4yFhsJyloG7oUet2-2bemiJ0pUO_5RLXBWSO5nd2iWDYo4bnJFhkxK-VncxJ2WvfpM1Q0RqGIHFRay6CRx3fIlsO7vquhZqlrCEdl3SXA-DNxT_KgOrLMyLRT4S5lywtLlxaFpc1lCtEoM4WMYFQ1PryKOAExWHKQhfQU1LewWmfmaUtSKJbP0dj-8vJfwvLke-t9D4FI5B47olOaaLdehxMv__cD-6-_cardgOMCpZdiKpTUcypuK5NFM5VjPlx3b9iLY1ncJvr7-OAh__1ET1kPMc0NlYinK9NFpY7GdB-sWnIUO_zF27Aq&state=1a7589e174bbef08a02f407db4ea7fb56123889430dd2195" for ::1 at 2016-05-25 22:23:11 +0100
Processing by Users::OmniauthCallbacksController#facebook as HTML
  Parameters: {"code"=>"AQDWJ_Lqx2RbKb-Kp8sURA7odTBgcpI4yFhsJyloG7oUet2-2bemiJ0pUO_5RLXBWSO5nd2iWDYo4bnJFhkxK-VncxJ2WvfpM1Q0RqGIHFRay6CRx3fIlsO7vquhZqlrCEdl3SXA-DNxT_KgOrLMyLRT4S5lywtLlxaFpc1lCtEoM4WMYFQ1PryKOAExWHKQhfQU1LewWmfmaUtSKJbP0dj-8vJfwvLke-t9D4FI5B47olOaaLdehxMv__cD-6-_cardgOMCpZdiKpTUcypuK5NFM5VjPlx3b9iLY1ncJvr7-OAh__1ET1kPMc0NlYinK9NFpY7GdB-sWnIUO_zF27Aq", "state"=>"1a7589e174bbef08a02f407db4ea7fb56123889430dd2195"}
  [1m[36mUser Load (26.9ms)[0m  [1mSELECT  "users".* FROM "users" WHERE "users"."provider" = $1 AND "users"."uid" = $2  ORDER BY "users"."id" ASC LIMIT 1[0m  [["provider", "facebook"], ["uid", "10209163457420800"]]
  [1m[35m (0.2ms)[0m  BEGIN
  [1m[36m (0.3ms)[0m  [1mROLLBACK[0m
Redirected to http://localhost:3000/users/sign_up
Completed 302 Found in 557ms (ActiveRecord: 203.2ms)


Started GET "/users/sign_up" for ::1 at 2016-05-25 22:23:13 +0100
Processing by Devise::RegistrationsController#new as HTML
  Rendered devise/shared/_links.html.erb (1.1ms)
  Rendered devise/registrations/new.html.erb within layouts/application (97.1ms)
DEPRECATION WARNING: [Devise] user_omniauth_authorize_path(:facebook) is deprecated and it will be removed from Devise 4.2.

Please use user_facebook_omniauth_authorize_path instead.
 (called from _app_views_layouts_application_html_erb___793635463810505224_70285035274900 at /Users/admin/Dropbox/projects/main_course/Week_7/yelp_clone/yelp_clone/app/views/layouts/application.html.erb:14)
Completed 200 OK in 127ms (Views: 126.0ms | ActiveRecord: 0.0ms)


Started GET "/users/auth/facebook" for ::1 at 2016-05-25 22:23:30 +0100


Started GET "/users/auth/facebook" for ::1 at 2016-05-25 22:23:30 +0100


Started GET "/users/auth/facebook/callback?code=AQCaJBS5yhPg8SMfk6CHu2nQXYIAX1fzex_3LEauhPNGZAYiZbfC6b7RUXKDqT93mc8RCpb5ktmzrLc3FWiEz9naq1j0WGXjqUtWX5xT9QB0HIv0DqIBokSDQc3U8x-3PhvzA8mvDRg8z2hNYZ7U1fNVhC-YeRhORY-_rGw3iXgpFD5iPe-rbu2hnX7y1vfMFwG7YfcKgPYr1UTtsf5Gw9m9r1sU4dYcmsVuRLK4vO5WdkmW-ZAmsnjHCJf5yda-GOJchbNd-rG2NZ2Mib5xy7jfd28egArrLFblFo2tWSoZP56_fFQYAyOh8wFRuij27Ds1OONiAXuTJK-IS-yP8SG5&state=ddbe91a9a1a38ff1a34f316c4bb517b60582b0329968c70a" for ::1 at 2016-05-25 22:23:30 +0100
Processing by Users::OmniauthCallbacksController#facebook as HTML
  Parameters: {"code"=>"AQCaJBS5yhPg8SMfk6CHu2nQXYIAX1fzex_3LEauhPNGZAYiZbfC6b7RUXKDqT93mc8RCpb5ktmzrLc3FWiEz9naq1j0WGXjqUtWX5xT9QB0HIv0DqIBokSDQc3U8x-3PhvzA8mvDRg8z2hNYZ7U1fNVhC-YeRhORY-_rGw3iXgpFD5iPe-rbu2hnX7y1vfMFwG7YfcKgPYr1UTtsf5Gw9m9r1sU4dYcmsVuRLK4vO5WdkmW-ZAmsnjHCJf5yda-GOJchbNd-rG2NZ2Mib5xy7jfd28egArrLFblFo2tWSoZP56_fFQYAyOh8wFRuij27Ds1OONiAXuTJK-IS-yP8SG5", "state"=>"ddbe91a9a1a38ff1a34f316c4bb517b60582b0329968c70a"}
  [1m[35mUser Load (0.4ms)[0m  SELECT  "users".* FROM "users" WHERE "users"."provider" = $1 AND "users"."uid" = $2  ORDER BY "users"."id" ASC LIMIT 1  [["provider", "facebook"], ["uid", "10209163457420800"]]
  [1m[36m (0.2ms)[0m  [1mBEGIN[0m
  [1m[35m (0.2ms)[0m  ROLLBACK
Redirected to http://localhost:3000/users/sign_up
Completed 302 Found in 150ms (ActiveRecord: 0.7ms)


Started GET "/users/sign_up" for ::1 at 2016-05-25 22:23:30 +0100
Processing by Devise::RegistrationsController#new as HTML
  Rendered devise/shared/_links.html.erb (0.3ms)
  Rendered devise/registrations/new.html.erb within layouts/application (3.2ms)
DEPRECATION WARNING: [Devise] user_omniauth_authorize_path(:facebook) is deprecated and it will be removed from Devise 4.2.

Please use user_facebook_omniauth_authorize_path instead.
 (called from _app_views_layouts_application_html_erb___793635463810505224_70285035274900 at /Users/admin/Dropbox/projects/main_course/Week_7/yelp_clone/yelp_clone/app/views/layouts/application.html.erb:14)
Completed 200 OK in 23ms (Views: 22.1ms | ActiveRecord: 0.0ms)


Started GET "/users/auth/facebook" for ::1 at 2016-05-25 22:23:35 +0100


Started GET "/users/auth/facebook" for ::1 at 2016-05-25 22:23:35 +0100


Started GET "/users/auth/facebook/callback?code=AQBma9OgN0qmYAaqE2vYaFEBvi7m76y3SWcWItYRpAcwFqeifkHCmwfl8hi9-3tOJP3V3foo42AcJYwhtJX7FggvnuCot94EGdmFs5Rq6NspfIeLlJOeRgyD8F73h9fsNmWOtadRNggDh7-ej0Qc-q3Ofm1KejwLMxcmzCxcSLPnRYk_ayhXO3rs9sJp4TIL0u6FeWHO1IxPIxN3GEA3GP9T-taO8DBwzYx3m2G-jj8jYeuu6kExYURfprJUBp_OPi7M9XtYaC4WN_VFRPPb2AWnJsyWEHGZJcPnT8uXzFF6knDP4czcUDBiuAcw8gpo6HY0eHULUsG6OI-hIcVtKNqA&state=d11ed17ade4a8fd30f593fa4d08bd3e102cc096b371a8770" for ::1 at 2016-05-25 22:23:35 +0100
Processing by Users::OmniauthCallbacksController#facebook as HTML
  Parameters: {"code"=>"AQBma9OgN0qmYAaqE2vYaFEBvi7m76y3SWcWItYRpAcwFqeifkHCmwfl8hi9-3tOJP3V3foo42AcJYwhtJX7FggvnuCot94EGdmFs5Rq6NspfIeLlJOeRgyD8F73h9fsNmWOtadRNggDh7-ej0Qc-q3Ofm1KejwLMxcmzCxcSLPnRYk_ayhXO3rs9sJp4TIL0u6FeWHO1IxPIxN3GEA3GP9T-taO8DBwzYx3m2G-jj8jYeuu6kExYURfprJUBp_OPi7M9XtYaC4WN_VFRPPb2AWnJsyWEHGZJcPnT8uXzFF6knDP4czcUDBiuAcw8gpo6HY0eHULUsG6OI-hIcVtKNqA", "state"=>"d11ed17ade4a8fd30f593fa4d08bd3e102cc096b371a8770"}
  [1m[36mUser Load (0.3ms)[0m  [1mSELECT  "users".* FROM "users" WHERE "users"."provider" = $1 AND "users"."uid" = $2  ORDER BY "users"."id" ASC LIMIT 1[0m  [["provider", "facebook"], ["uid", "10209163457420800"]]
  [1m[35m (0.1ms)[0m  BEGIN
  [1m[36m (0.2ms)[0m  [1mROLLBACK[0m
Redirected to http://localhost:3000/users/sign_up
Completed 302 Found in 156ms (ActiveRecord: 0.6ms)


Started GET "/users/sign_up" for ::1 at 2016-05-25 22:23:36 +0100
Processing by Devise::RegistrationsController#new as HTML
  Rendered devise/shared/_links.html.erb (0.6ms)
  Rendered devise/registrations/new.html.erb within layouts/application (5.0ms)
DEPRECATION WARNING: [Devise] user_omniauth_authorize_path(:facebook) is deprecated and it will be removed from Devise 4.2.

Please use user_facebook_omniauth_authorize_path instead.
 (called from _app_views_layouts_application_html_erb___793635463810505224_70285035274900 at /Users/admin/Dropbox/projects/main_course/Week_7/yelp_clone/yelp_clone/app/views/layouts/application.html.erb:14)
Completed 200 OK in 39ms (Views: 37.5ms | ActiveRecord: 0.0ms)


Started GET "/users/auth/facebook" for ::1 at 2016-05-25 22:23:38 +0100


Started GET "/users/auth/facebook" for ::1 at 2016-05-25 22:23:38 +0100


Started GET "/users/auth/facebook/callback?code=AQDcgzitsbsySeXyGz4wvTEO6StVxFXm3YE8NNY9hYEy51hXJLdwZOM8DOjYCZubW-JlXdLMJyziiqCN_7cu9wH4-8U37h6z4LQ3fAZcrGbhh3igFfMhX_ihfywsNy6pa0pwXfIwvlxAhre9UdRR0v0eFnjd-K2NwEWGfaYfGRQ9qlc7TTbMM2OeClOhT-HkqgyeQTkqPPoSfSxxEmYh6rBhTuI4ychWm9djNBFY-adNoOHwIst8RssmR9-Z9scR6ZpeNj66tmaxV0qbxcmBtKQHzbNspi995JFFlbpOP9zX4Rar5dVzC0YS8NigTu83HTolQeLpuEEwrWrEATWJeQgx&state=214ca791de5d9bc5ca8cdad3ac17b4e21125464de6855b1a" for ::1 at 2016-05-25 22:23:39 +0100
Processing by Users::OmniauthCallbacksController#facebook as HTML
  Parameters: {"code"=>"AQDcgzitsbsySeXyGz4wvTEO6StVxFXm3YE8NNY9hYEy51hXJLdwZOM8DOjYCZubW-JlXdLMJyziiqCN_7cu9wH4-8U37h6z4LQ3fAZcrGbhh3igFfMhX_ihfywsNy6pa0pwXfIwvlxAhre9UdRR0v0eFnjd-K2NwEWGfaYfGRQ9qlc7TTbMM2OeClOhT-HkqgyeQTkqPPoSfSxxEmYh6rBhTuI4ychWm9djNBFY-adNoOHwIst8RssmR9-Z9scR6ZpeNj66tmaxV0qbxcmBtKQHzbNspi995JFFlbpOP9zX4Rar5dVzC0YS8NigTu83HTolQeLpuEEwrWrEATWJeQgx", "state"=>"214ca791de5d9bc5ca8cdad3ac17b4e21125464de6855b1a"}
  [1m[35mUser Load (0.4ms)[0m  SELECT  "users".* FROM "users" WHERE "users"."provider" = $1 AND "users"."uid" = $2  ORDER BY "users"."id" ASC LIMIT 1  [["provider", "facebook"], ["uid", "10209163457420800"]]
  [1m[36m (0.2ms)[0m  [1mBEGIN[0m
  [1m[35m (0.2ms)[0m  ROLLBACK
Redirected to http://localhost:3000/users/sign_up
Completed 302 Found in 152ms (ActiveRecord: 0.7ms)


Started GET "/users/sign_up" for ::1 at 2016-05-25 22:23:39 +0100
Processing by Devise::RegistrationsController#new as HTML
  Rendered devise/shared/_links.html.erb (0.5ms)
  Rendered devise/registrations/new.html.erb within layouts/application (4.6ms)
DEPRECATION WARNING: [Devise] user_omniauth_authorize_path(:facebook) is deprecated and it will be removed from Devise 4.2.

Please use user_facebook_omniauth_authorize_path instead.
 (called from _app_views_layouts_application_html_erb___793635463810505224_70285035274900 at /Users/admin/Dropbox/projects/main_course/Week_7/yelp_clone/yelp_clone/app/views/layouts/application.html.erb:14)
Completed 200 OK in 36ms (Views: 34.6ms | ActiveRecord: 0.0ms)
  [1m[36m (2.9ms)[0m  [1mCREATE TABLE "schema_migrations" ("version" character varying NOT NULL) [0m
  [1m[35m (1.2ms)[0m  CREATE UNIQUE INDEX  "unique_schema_migrations" ON "schema_migrations"  ("version")
  [1m[36mActiveRecord::SchemaMigration Load (0.3ms)[0m  [1mSELECT "schema_migrations".* FROM "schema_migrations"[0m
Migrating to CreateRestaurants (20160524090748)
  [1m[35m (0.2ms)[0m  BEGIN
DEPRECATION WARNING: `#timestamps` was called without specifying an option for `null`. In Rails 5, this behavior will change to `null: false`. You should manually specify `null: true` to prevent the behavior of your existing migrations from changing. (called from block in change at /Users/admin/Dropbox/projects/main_course/Week_7/yelp_clone/db/migrate/20160524090748_create_restaurants.rb:7)
  [1m[36m (3.1ms)[0m  [1mCREATE TABLE "restaurants" ("id" serial primary key, "name" character varying, "rating" integer, "created_at" timestamp, "updated_at" timestamp) [0m
  [1m[35mSQL (0.3ms)[0m  INSERT INTO "schema_migrations" ("version") VALUES ($1)  [["version", "20160524090748"]]
  [1m[36m (0.6ms)[0m  [1mCOMMIT[0m
Migrating to AddDescriptionToRestaurants (20160524115122)
  [1m[35m (0.3ms)[0m  BEGIN
  [1m[36m (0.3ms)[0m  [1mALTER TABLE "restaurants" ADD "description" text[0m
  [1m[35mSQL (0.2ms)[0m  INSERT INTO "schema_migrations" ("version") VALUES ($1)  [["version", "20160524115122"]]
  [1m[36m (0.5ms)[0m  [1mCOMMIT[0m
Migrating to CreateReviews (20160524143540)
  [1m[35m (0.1ms)[0m  BEGIN
  [1m[36m (2.5ms)[0m  [1mCREATE TABLE "reviews" ("id" serial primary key, "thoughts" text, "rating" integer, "created_at" timestamp NOT NULL, "updated_at" timestamp NOT NULL) [0m
  [1m[35mSQL (0.2ms)[0m  INSERT INTO "schema_migrations" ("version") VALUES ($1)  [["version", "20160524143540"]]
  [1m[36m (0.5ms)[0m  [1mCOMMIT[0m
Migrating to AddRestaurantRefToReviews (20160524144622)
  [1m[35m (0.2ms)[0m  BEGIN
  [1m[36m (0.3ms)[0m  [1mALTER TABLE "reviews" ADD "restaurant_id" integer[0m
  [1m[35m (0.9ms)[0m  CREATE  INDEX  "index_reviews_on_restaurant_id" ON "reviews"  ("restaurant_id")
  [1m[36m (1.3ms)[0m  [1mALTER TABLE "reviews" ADD CONSTRAINT "fk_rails_8173017a90"
FOREIGN KEY ("restaurant_id")
  REFERENCES "restaurants" ("id")
[0m
  [1m[35mSQL (0.2ms)[0m  INSERT INTO "schema_migrations" ("version") VALUES ($1)  [["version", "20160524144622"]]
  [1m[36m (0.5ms)[0m  [1mCOMMIT[0m
Migrating to DeviseCreateUsers (20160525100021)
  [1m[35m (0.2ms)[0m  BEGIN
  [1m[36m (2.9ms)[0m  [1mCREATE TABLE "users" ("id" serial primary key, "email" character varying DEFAULT '' NOT NULL, "encrypted_password" character varying DEFAULT '' NOT NULL, "reset_password_token" character varying, "reset_password_sent_at" timestamp, "remember_created_at" timestamp, "sign_in_count" integer DEFAULT 0 NOT NULL, "current_sign_in_at" timestamp, "last_sign_in_at" timestamp, "current_sign_in_ip" inet, "last_sign_in_ip" inet, "created_at" timestamp NOT NULL, "updated_at" timestamp NOT NULL) [0m
  [1m[35m (1.1ms)[0m  CREATE UNIQUE INDEX  "index_users_on_email" ON "users"  ("email")
  [1m[36m (1.1ms)[0m  [1mCREATE UNIQUE INDEX  "index_users_on_reset_password_token" ON "users"  ("reset_password_token")[0m
  [1m[35mSQL (0.2ms)[0m  INSERT INTO "schema_migrations" ("version") VALUES ($1)  [["version", "20160525100021"]]
  [1m[36m (0.6ms)[0m  [1mCOMMIT[0m
Migrating to AddOmniauthToUsers (20160525151647)
  [1m[35m (0.2ms)[0m  BEGIN
  [1m[36m (0.3ms)[0m  [1mALTER TABLE "users" ADD "provider" character varying[0m
  [1m[35m (0.2ms)[0m  ALTER TABLE "users" ADD "uid" character varying
  [1m[36mSQL (0.2ms)[0m  [1mINSERT INTO "schema_migrations" ("version") VALUES ($1)[0m  [["version", "20160525151647"]]
  [1m[35m (0.4ms)[0m  COMMIT
  [1m[36mActiveRecord::SchemaMigration Load (0.2ms)[0m  [1mSELECT "schema_migrations".* FROM "schema_migrations"[0m
  [1m[35m (3.7ms)[0m  SELECT t2.oid::regclass::text AS to_table, a1.attname AS column, a2.attname AS primary_key, c.conname AS name, c.confupdtype AS on_update, c.confdeltype AS on_delete
FROM pg_constraint c
JOIN pg_class t1 ON c.conrelid = t1.oid
JOIN pg_class t2 ON c.confrelid = t2.oid
JOIN pg_attribute a1 ON a1.attnum = c.conkey[1] AND a1.attrelid = t1.oid
JOIN pg_attribute a2 ON a2.attnum = c.confkey[1] AND a2.attrelid = t2.oid
JOIN pg_namespace t3 ON c.connamespace = t3.oid
WHERE c.contype = 'f'
  AND t1.relname = 'restaurants'
  AND t3.nspname = ANY (current_schemas(false))
ORDER BY c.conname

  [1m[36m (4.3ms)[0m  [1mSELECT t2.oid::regclass::text AS to_table, a1.attname AS column, a2.attname AS primary_key, c.conname AS name, c.confupdtype AS on_update, c.confdeltype AS on_delete
FROM pg_constraint c
JOIN pg_class t1 ON c.conrelid = t1.oid
JOIN pg_class t2 ON c.confrelid = t2.oid
JOIN pg_attribute a1 ON a1.attnum = c.conkey[1] AND a1.attrelid = t1.oid
JOIN pg_attribute a2 ON a2.attnum = c.confkey[1] AND a2.attrelid = t2.oid
JOIN pg_namespace t3 ON c.connamespace = t3.oid
WHERE c.contype = 'f'
  AND t1.relname = 'reviews'
  AND t3.nspname = ANY (current_schemas(false))
ORDER BY c.conname
[0m
  [1m[35m (4.7ms)[0m  SELECT t2.oid::regclass::text AS to_table, a1.attname AS column, a2.attname AS primary_key, c.conname AS name, c.confupdtype AS on_update, c.confdeltype AS on_delete
FROM pg_constraint c
JOIN pg_class t1 ON c.conrelid = t1.oid
JOIN pg_class t2 ON c.confrelid = t2.oid
JOIN pg_attribute a1 ON a1.attnum = c.conkey[1] AND a1.attrelid = t1.oid
JOIN pg_attribute a2 ON a2.attnum = c.confkey[1] AND a2.attrelid = t2.oid
JOIN pg_namespace t3 ON c.connamespace = t3.oid
WHERE c.contype = 'f'
  AND t1.relname = 'users'
  AND t3.nspname = ANY (current_schemas(false))
ORDER BY c.conname



Started GET "/" for ::1 at 2016-05-25 22:40:40 +0100
  [1m[36mActiveRecord::SchemaMigration Load (0.4ms)[0m  [1mSELECT "schema_migrations".* FROM "schema_migrations"[0m
Processing by RestaurantsController#index as HTML
  [1m[35m (0.3ms)[0m  SELECT COUNT(*) FROM "restaurants"
  Rendered restaurants/index.html.erb within layouts/application (4.5ms)
DEPRECATION WARNING: [Devise] user_omniauth_authorize_path(:facebook) is deprecated and it will be removed from Devise 4.2.

Please use user_facebook_omniauth_authorize_path instead.
 (called from _app_views_layouts_application_html_erb__2666032375690411428_70270014555640 at /Users/admin/Dropbox/projects/main_course/Week_7/yelp_clone/app/views/layouts/application.html.erb:14)
Completed 200 OK in 285ms (Views: 268.9ms | ActiveRecord: 1.1ms)


Started GET "/users/auth/facebook" for ::1 at 2016-05-25 22:40:43 +0100


Started GET "/users/auth/facebook" for ::1 at 2016-05-25 22:40:43 +0100


Started GET "/users/auth/facebook" for ::1 at 2016-05-25 22:41:15 +0100
  [1m[36mActiveRecord::SchemaMigration Load (0.4ms)[0m  [1mSELECT "schema_migrations".* FROM "schema_migrations"[0m


Started GET "/users/auth/facebook" for ::1 at 2016-05-25 22:41:15 +0100


Started GET "/" for ::1 at 2016-05-25 22:41:17 +0100
Processing by RestaurantsController#index as HTML
  [1m[35m (0.3ms)[0m  SELECT COUNT(*) FROM "restaurants"
  Rendered restaurants/index.html.erb within layouts/application (5.6ms)
DEPRECATION WARNING: [Devise] user_omniauth_authorize_path(:facebook) is deprecated and it will be removed from Devise 4.2.

Please use user_facebook_omniauth_authorize_path instead.
 (called from _app_views_layouts_application_html_erb___3680669479075263805_70162313841220 at /Users/admin/Dropbox/projects/main_course/Week_7/yelp_clone/app/views/layouts/application.html.erb:14)
Completed 200 OK in 298ms (Views: 291.9ms | ActiveRecord: 1.1ms)


Started GET "/assets/restaurants.self-e3b0c44298fc1c149afbf4c8996fb92427ae41e4649b934ca495991b7852b855.css?body=1" for ::1 at 2016-05-25 22:41:17 +0100


Started GET "/assets/jquery_ujs.self-e87806d0cf4489aeb1bb7288016024e8de67fd18db693fe026fe3907581e53cd.js?body=1" for ::1 at 2016-05-25 22:41:17 +0100


Started GET "/assets/reviews.self-e3b0c44298fc1c149afbf4c8996fb92427ae41e4649b934ca495991b7852b855.css?body=1" for ::1 at 2016-05-25 22:41:17 +0100


Started GET "/assets/application.self-e80e8f2318043e8af94dddc2adad5a4f09739a8ebb323b3ab31cd71d45fd9113.css?body=1" for ::1 at 2016-05-25 22:41:17 +0100


Started GET "/assets/turbolinks.self-c37727e9bd6b2735da5c311aa83fead54ed0be6cc8bd9a65309e9c5abe2cbfff.js?body=1" for ::1 at 2016-05-25 22:41:17 +0100


Started GET "/assets/jquery.self-660adc51e0224b731d29f575a6f1ec167ba08ad06ed5deca4f1e8654c135bf4c.js?body=1" for ::1 at 2016-05-25 22:41:17 +0100


Started GET "/assets/reviews.self-877aef30ae1b040ab8a3aba4e3e309a11d7f2612f44dde450b5c157aa5f95c05.js?body=1" for ::1 at 2016-05-25 22:41:17 +0100


Started GET "/assets/restaurants.self-877aef30ae1b040ab8a3aba4e3e309a11d7f2612f44dde450b5c157aa5f95c05.js?body=1" for ::1 at 2016-05-25 22:41:17 +0100


Started GET "/assets/application.self-3b8dabdc891efe46b9a144b400ad69e37d7e5876bdc39dee783419a69d7ca819.js?body=1" for ::1 at 2016-05-25 22:41:17 +0100


Started GET "/users/auth/facebook" for ::1 at 2016-05-25 22:41:18 +0100


Started GET "/users/auth/facebook" for ::1 at 2016-05-25 22:41:18 +0100


Started GET "/users/sign_up" for ::1 at 2016-05-25 22:41:41 +0100
  [1m[36mActiveRecord::SchemaMigration Load (0.4ms)[0m  [1mSELECT "schema_migrations".* FROM "schema_migrations"[0m
Processing by Devise::RegistrationsController#new as HTML
  Rendered devise/shared/_links.html.erb (1.1ms)
  Rendered devise/registrations/new.html.erb within layouts/application (30.9ms)
DEPRECATION WARNING: [Devise] user_omniauth_authorize_path(:facebook) is deprecated and it will be removed from Devise 4.2.

Please use user_facebook_omniauth_authorize_path instead.
 (called from _app_views_layouts_application_html_erb__2908839139394674225_70347534746220 at /Users/admin/Dropbox/projects/main_course/Week_7/yelp_clone/app/views/layouts/application.html.erb:14)
Completed 200 OK in 317ms (Views: 293.3ms | ActiveRecord: 2.6ms)


Started GET "/users/auth/facebook" for ::1 at 2016-05-25 22:41:47 +0100


Started GET "/users/auth/facebook" for ::1 at 2016-05-25 22:41:47 +0100


Started GET "/users/auth/facebook" for ::1 at 2016-05-25 22:41:50 +0100


Started GET "/users/auth/facebook" for ::1 at 2016-05-25 22:41:50 +0100


Started GET "/users/sign_up" for ::1 at 2016-05-25 22:41:53 +0100
Processing by Devise::RegistrationsController#new as HTML
  Rendered devise/shared/_links.html.erb (0.4ms)
  Rendered devise/registrations/new.html.erb within layouts/application (3.5ms)
DEPRECATION WARNING: [Devise] user_omniauth_authorize_path(:facebook) is deprecated and it will be removed from Devise 4.2.

Please use user_facebook_omniauth_authorize_path instead.
 (called from _app_views_layouts_application_html_erb__2908839139394674225_70347534746220 at /Users/admin/Dropbox/projects/main_course/Week_7/yelp_clone/app/views/layouts/application.html.erb:14)
Completed 200 OK in 29ms (Views: 28.5ms | ActiveRecord: 0.0ms)


Started GET "/users/sign_in" for ::1 at 2016-05-25 22:41:56 +0100
Processing by Devise::SessionsController#new as HTML
  Rendered devise/shared/_links.html.erb (1.2ms)
  Rendered devise/sessions/new.html.erb within layouts/application (22.4ms)
DEPRECATION WARNING: [Devise] user_omniauth_authorize_path(:facebook) is deprecated and it will be removed from Devise 4.2.

Please use user_facebook_omniauth_authorize_path instead.
 (called from _app_views_layouts_application_html_erb__2908839139394674225_70347534746220 at /Users/admin/Dropbox/projects/main_course/Week_7/yelp_clone/app/views/layouts/application.html.erb:14)
Completed 200 OK in 72ms (Views: 69.2ms | ActiveRecord: 0.0ms)


Started GET "/users/sign_up" for ::1 at 2016-05-25 22:41:57 +0100
Processing by Devise::RegistrationsController#new as HTML
  Rendered devise/shared/_links.html.erb (0.9ms)
  Rendered devise/registrations/new.html.erb within layouts/application (5.5ms)
DEPRECATION WARNING: [Devise] user_omniauth_authorize_path(:facebook) is deprecated and it will be removed from Devise 4.2.

Please use user_facebook_omniauth_authorize_path instead.
 (called from _app_views_layouts_application_html_erb__2908839139394674225_70347534746220 at /Users/admin/Dropbox/projects/main_course/Week_7/yelp_clone/app/views/layouts/application.html.erb:14)
Completed 200 OK in 39ms (Views: 38.6ms | ActiveRecord: 0.0ms)


Started GET "/" for ::1 at 2016-05-25 22:42:02 +0100
Processing by RestaurantsController#index as HTML
  [1m[35m (0.3ms)[0m  SELECT COUNT(*) FROM "restaurants"
  Rendered restaurants/index.html.erb within layouts/application (3.4ms)
DEPRECATION WARNING: [Devise] user_omniauth_authorize_path(:facebook) is deprecated and it will be removed from Devise 4.2.

Please use user_facebook_omniauth_authorize_path instead.
 (called from _app_views_layouts_application_html_erb__2908839139394674225_70347534746220 at /Users/admin/Dropbox/projects/main_course/Week_7/yelp_clone/app/views/layouts/application.html.erb:14)
Completed 200 OK in 32ms (Views: 25.2ms | ActiveRecord: 1.0ms)


Started GET "/restaurants/new" for ::1 at 2016-05-25 22:42:03 +0100
Processing by RestaurantsController#new as HTML
  Rendered restaurants/new.html.erb within layouts/application (2.2ms)
DEPRECATION WARNING: [Devise] user_omniauth_authorize_path(:facebook) is deprecated and it will be removed from Devise 4.2.

Please use user_facebook_omniauth_authorize_path instead.
 (called from _app_views_layouts_application_html_erb__2908839139394674225_70347534746220 at /Users/admin/Dropbox/projects/main_course/Week_7/yelp_clone/app/views/layouts/application.html.erb:14)
Completed 200 OK in 25ms (Views: 20.6ms | ActiveRecord: 0.5ms)


Started POST "/restaurants" for ::1 at 2016-05-25 22:42:13 +0100
Processing by RestaurantsController#create as HTML
  Parameters: {"utf8"=>"✓", "authenticity_token"=>"i01p7IAiGpLgrpFrXqrYzwVikY9xcMIJGqTuDvIvAFgYMe5UDByJMyFYTRBKJ9h1qslUlgTEtWe18H/+iK6zmw==", "restaurant"=>{"name"=>"KFC", "description"=>"Tastey!"}, "commit"=>"Create Restaurant"}
  [1m[36m (0.2ms)[0m  [1mBEGIN[0m
  [1m[35mRestaurant Exists (0.6ms)[0m  SELECT  1 AS one FROM "restaurants" WHERE "restaurants"."name" = 'KFC' LIMIT 1
  [1m[36mSQL (0.4ms)[0m  [1mINSERT INTO "restaurants" ("name", "description", "created_at", "updated_at") VALUES ($1, $2, $3, $4) RETURNING "id"[0m  [["name", "KFC"], ["description", "Tastey!"], ["created_at", "2016-05-25 21:42:13.881903"], ["updated_at", "2016-05-25 21:42:13.881903"]]
  [1m[35m (0.5ms)[0m  COMMIT
Redirected to http://localhost:3000/restaurants
Completed 302 Found in 15ms (ActiveRecord: 1.8ms)


Started GET "/restaurants" for ::1 at 2016-05-25 22:42:13 +0100
Processing by RestaurantsController#index as HTML
  [1m[36m (0.3ms)[0m  [1mSELECT COUNT(*) FROM "restaurants"[0m
  [1m[35mRestaurant Load (0.2ms)[0m  SELECT "restaurants".* FROM "restaurants"
  [1m[36mReview Load (0.3ms)[0m  [1mSELECT "reviews".* FROM "reviews" WHERE "reviews"."restaurant_id" = $1[0m  [["restaurant_id", 1]]
  Rendered restaurants/index.html.erb within layouts/application (18.6ms)
DEPRECATION WARNING: [Devise] user_omniauth_authorize_path(:facebook) is deprecated and it will be removed from Devise 4.2.

Please use user_facebook_omniauth_authorize_path instead.
 (called from _app_views_layouts_application_html_erb__2908839139394674225_70347534746220 at /Users/admin/Dropbox/projects/main_course/Week_7/yelp_clone/app/views/layouts/application.html.erb:14)
Completed 200 OK in 40ms (Views: 38.0ms | ActiveRecord: 1.5ms)


Started DELETE "/restaurants/1" for ::1 at 2016-05-25 22:42:16 +0100
Processing by RestaurantsController#destroy as HTML
  Parameters: {"authenticity_token"=>"3LeUUBORHtdoPUudd3VF85AByDBfUK6vG4OT5RLJoX9PyxPon6+NdqnLl+Zj+EVJP6oNKSrk2cG01wIVaEgSvA==", "id"=>"1"}
  [1m[35mRestaurant Load (0.4ms)[0m  SELECT  "restaurants".* FROM "restaurants" WHERE "restaurants"."id" = $1 LIMIT 1  [["id", 1]]
  [1m[36m (0.1ms)[0m  [1mBEGIN[0m
  [1m[35mReview Load (0.3ms)[0m  SELECT "reviews".* FROM "reviews" WHERE "reviews"."restaurant_id" = $1  [["restaurant_id", 1]]
  [1m[36mSQL (0.5ms)[0m  [1mDELETE FROM "restaurants" WHERE "restaurants"."id" = $1[0m  [["id", 1]]
  [1m[35m (0.5ms)[0m  COMMIT
Redirected to http://localhost:3000/restaurants
Completed 302 Found in 9ms (ActiveRecord: 1.8ms)


Started GET "/restaurants" for ::1 at 2016-05-25 22:42:16 +0100
Processing by RestaurantsController#index as HTML
  [1m[36m (0.3ms)[0m  [1mSELECT COUNT(*) FROM "restaurants"[0m
  Rendered restaurants/index.html.erb within layouts/application (1.0ms)
DEPRECATION WARNING: [Devise] user_omniauth_authorize_path(:facebook) is deprecated and it will be removed from Devise 4.2.

Please use user_facebook_omniauth_authorize_path instead.
 (called from _app_views_layouts_application_html_erb__2908839139394674225_70347534746220 at /Users/admin/Dropbox/projects/main_course/Week_7/yelp_clone/app/views/layouts/application.html.erb:14)
Completed 200 OK in 22ms (Views: 20.6ms | ActiveRecord: 0.3ms)


Started GET "/restaurants/new" for ::1 at 2016-05-25 22:42:17 +0100
Processing by RestaurantsController#new as HTML
  Rendered restaurants/new.html.erb within layouts/application (1.5ms)
DEPRECATION WARNING: [Devise] user_omniauth_authorize_path(:facebook) is deprecated and it will be removed from Devise 4.2.

Please use user_facebook_omniauth_authorize_path instead.
 (called from _app_views_layouts_application_html_erb__2908839139394674225_70347534746220 at /Users/admin/Dropbox/projects/main_course/Week_7/yelp_clone/app/views/layouts/application.html.erb:14)
Completed 200 OK in 19ms (Views: 18.9ms | ActiveRecord: 0.0ms)


Started POST "/restaurants" for ::1 at 2016-05-25 22:42:24 +0100
Processing by RestaurantsController#create as HTML
  Parameters: {"utf8"=>"✓", "authenticity_token"=>"7JG0UGQW/SQFsw8hvAmYRapUnQEIyeIHVNQpOY2cJLd/7TPo6ChuhcRF01qohJj/Bf9YGH19lWn7gLjJ9x2XdA==", "restaurant"=>{"name"=>"KFC", "description"=>"Tastey!"}, "commit"=>"Create Restaurant"}
  [1m[35m (0.1ms)[0m  BEGIN
  [1m[36mRestaurant Exists (0.3ms)[0m  [1mSELECT  1 AS one FROM "restaurants" WHERE "restaurants"."name" = 'KFC' LIMIT 1[0m
  [1m[35mSQL (0.3ms)[0m  INSERT INTO "restaurants" ("name", "description", "created_at", "updated_at") VALUES ($1, $2, $3, $4) RETURNING "id"  [["name", "KFC"], ["description", "Tastey!"], ["created_at", "2016-05-25 21:42:24.523369"], ["updated_at", "2016-05-25 21:42:24.523369"]]
  [1m[36m (15.6ms)[0m  [1mCOMMIT[0m
Redirected to http://localhost:3000/restaurants
Completed 302 Found in 20ms (ActiveRecord: 16.3ms)


Started GET "/restaurants" for ::1 at 2016-05-25 22:42:24 +0100
Processing by RestaurantsController#index as HTML
  [1m[35m (0.3ms)[0m  SELECT COUNT(*) FROM "restaurants"
  [1m[36mRestaurant Load (0.2ms)[0m  [1mSELECT "restaurants".* FROM "restaurants"[0m
  [1m[35mReview Load (0.2ms)[0m  SELECT "reviews".* FROM "reviews" WHERE "reviews"."restaurant_id" = $1  [["restaurant_id", 2]]
  Rendered restaurants/index.html.erb within layouts/application (2.7ms)
DEPRECATION WARNING: [Devise] user_omniauth_authorize_path(:facebook) is deprecated and it will be removed from Devise 4.2.

Please use user_facebook_omniauth_authorize_path instead.
 (called from _app_views_layouts_application_html_erb__2908839139394674225_70347534746220 at /Users/admin/Dropbox/projects/main_course/Week_7/yelp_clone/app/views/layouts/application.html.erb:14)
Completed 200 OK in 25ms (Views: 23.5ms | ActiveRecord: 0.7ms)


Started GET "/restaurants/2/reviews/new" for ::1 at 2016-05-25 22:42:30 +0100
Processing by ReviewsController#new as HTML
  Parameters: {"restaurant_id"=>"2"}
  [1m[36mRestaurant Load (0.3ms)[0m  [1mSELECT  "restaurants".* FROM "restaurants" WHERE "restaurants"."id" = $1 LIMIT 1[0m  [["id", 2]]
  Rendered reviews/new.html.erb within layouts/application (3.6ms)
DEPRECATION WARNING: [Devise] user_omniauth_authorize_path(:facebook) is deprecated and it will be removed from Devise 4.2.

Please use user_facebook_omniauth_authorize_path instead.
 (called from _app_views_layouts_application_html_erb__2908839139394674225_70347534746220 at /Users/admin/Dropbox/projects/main_course/Week_7/yelp_clone/app/views/layouts/application.html.erb:14)
Completed 200 OK in 32ms (Views: 26.8ms | ActiveRecord: 0.8ms)


Started POST "/restaurants/2/reviews" for ::1 at 2016-05-25 22:42:39 +0100
Processing by ReviewsController#create as HTML
  Parameters: {"utf8"=>"✓", "authenticity_token"=>"UkdHipgSzoMWqo8EK1CYiuMgLsneB8qo4XJG+O76JurBO8AyFCxdItdcU38/3ZgwTIvr0KuzvcZOJtcIlHuVKQ==", "review"=>{"thoughts"=>"Hmmm... not so tastey", "rating"=>"1"}, "commit"=>"Leave Review", "restaurant_id"=>"2"}
  [1m[35mRestaurant Load (0.3ms)[0m  SELECT  "restaurants".* FROM "restaurants" WHERE "restaurants"."id" = $1 LIMIT 1  [["id", 2]]
  [1m[36m (0.2ms)[0m  [1mBEGIN[0m
  [1m[35mSQL (0.7ms)[0m  INSERT INTO "reviews" ("thoughts", "rating", "restaurant_id", "created_at", "updated_at") VALUES ($1, $2, $3, $4, $5) RETURNING "id"  [["thoughts", "Hmmm... not so tastey"], ["rating", 1], ["restaurant_id", 2], ["created_at", "2016-05-25 21:42:39.591868"], ["updated_at", "2016-05-25 21:42:39.591868"]]
  [1m[36m (0.5ms)[0m  [1mCOMMIT[0m
Redirected to http://localhost:3000/restaurants
Completed 302 Found in 9ms (ActiveRecord: 1.7ms)


Started GET "/restaurants" for ::1 at 2016-05-25 22:42:39 +0100
Processing by RestaurantsController#index as HTML
  [1m[35m (0.3ms)[0m  SELECT COUNT(*) FROM "restaurants"
  [1m[36mRestaurant Load (0.2ms)[0m  [1mSELECT "restaurants".* FROM "restaurants"[0m
  [1m[35mReview Load (0.2ms)[0m  SELECT "reviews".* FROM "reviews" WHERE "reviews"."restaurant_id" = $1  [["restaurant_id", 2]]
  Rendered restaurants/index.html.erb within layouts/application (3.2ms)
DEPRECATION WARNING: [Devise] user_omniauth_authorize_path(:facebook) is deprecated and it will be removed from Devise 4.2.

Please use user_facebook_omniauth_authorize_path instead.
 (called from _app_views_layouts_application_html_erb__2908839139394674225_70347534746220 at /Users/admin/Dropbox/projects/main_course/Week_7/yelp_clone/app/views/layouts/application.html.erb:14)
Completed 200 OK in 32ms (Views: 30.4ms | ActiveRecord: 0.8ms)


Started DELETE "/restaurants/2" for ::1 at 2016-05-25 22:42:42 +0100
Processing by RestaurantsController#destroy as HTML
  Parameters: {"authenticity_token"=>"R28+s05o4Jy9R4M4MNiwymNjEgeVl1lg/QhDQ0nFuejUE7kLwlZzPXyxX0MkVbBwzMjXHuAjLg5SXNKzM0QKKw==", "id"=>"2"}
  [1m[36mRestaurant Load (0.3ms)[0m  [1mSELECT  "restaurants".* FROM "restaurants" WHERE "restaurants"."id" = $1 LIMIT 1[0m  [["id", 2]]
  [1m[35m (0.1ms)[0m  BEGIN
  [1m[36mReview Load (0.3ms)[0m  [1mSELECT "reviews".* FROM "reviews" WHERE "reviews"."restaurant_id" = $1[0m  [["restaurant_id", 2]]
  [1m[35mSQL (0.2ms)[0m  DELETE FROM "reviews" WHERE "reviews"."id" = $1  [["id", 1]]
  [1m[36mSQL (0.3ms)[0m  [1mDELETE FROM "restaurants" WHERE "restaurants"."id" = $1[0m  [["id", 2]]
  [1m[35m (0.5ms)[0m  COMMIT
Redirected to http://localhost:3000/restaurants
Completed 302 Found in 7ms (ActiveRecord: 1.7ms)


Started GET "/restaurants" for ::1 at 2016-05-25 22:42:42 +0100
Processing by RestaurantsController#index as HTML
  [1m[36m (0.3ms)[0m  [1mSELECT COUNT(*) FROM "restaurants"[0m
  Rendered restaurants/index.html.erb within layouts/application (0.9ms)
DEPRECATION WARNING: [Devise] user_omniauth_authorize_path(:facebook) is deprecated and it will be removed from Devise 4.2.

Please use user_facebook_omniauth_authorize_path instead.
 (called from _app_views_layouts_application_html_erb__2908839139394674225_70347534746220 at /Users/admin/Dropbox/projects/main_course/Week_7/yelp_clone/app/views/layouts/application.html.erb:14)
Completed 200 OK in 21ms (Views: 19.8ms | ActiveRecord: 0.3ms)


Started GET "/users/auth/facebook" for ::1 at 2016-05-25 22:42:45 +0100


Started GET "/users/auth/facebook" for ::1 at 2016-05-25 22:42:45 +0100
